{"numTotalTestSuites":235,"numPassedTestSuites":201,"numFailedTestSuites":34,"numPendingTestSuites":0,"numTotalTests":416,"numPassedTests":337,"numFailedTests":60,"numPendingTests":19,"numTodoTests":0,"snapshot":{"added":0,"failure":false,"filesAdded":0,"filesRemoved":0,"filesRemovedList":[],"filesUnmatched":0,"filesUpdated":0,"matched":0,"total":0,"unchecked":0,"uncheckedKeysByFile":[],"unmatched":0,"updated":0,"didUpdate":false},"startTime":1749749242541,"success":false,"testResults":[{"assertionResults":[{"ancestorTitles":["GitHub Actions + Cloudflare KV Integration","updateAllRankings GitHub Actions function"],"fullName":"GitHub Actions + Cloudflare KV Integration updateAllRankings GitHub Actions function should fetch all 23 genres for both periods (46 total)","status":"passed","title":"should fetch all 23 genres for both periods (46 total)","duration":1.2563559999999825,"failureMessages":[],"meta":{}},{"ancestorTitles":["GitHub Actions + Cloudflare KV Integration","updateAllRankings GitHub Actions function"],"fullName":"GitHub Actions + Cloudflare KV Integration updateAllRankings GitHub Actions function should fetch up to 500 items per genre/period combination","status":"passed","title":"should fetch up to 500 items per genre/period combination","duration":0.20967800000005354,"failureMessages":[],"meta":{}},{"ancestorTitles":["GitHub Actions + Cloudflare KV Integration","updateAllRankings GitHub Actions function"],"fullName":"GitHub Actions + Cloudflare KV Integration updateAllRankings GitHub Actions function should fetch popular tags for each genre","status":"passed","title":"should fetch popular tags for each genre","duration":0.7293839999999818,"failureMessages":[],"meta":{}},{"ancestorTitles":["GitHub Actions + Cloudflare KV Integration","updateAllRankings GitHub Actions function"],"fullName":"GitHub Actions + Cloudflare KV Integration updateAllRankings GitHub Actions function should compress data with gzip before storing to KV","status":"passed","title":"should compress data with gzip before storing to KV","duration":0.31603099999995266,"failureMessages":[],"meta":{}},{"ancestorTitles":["GitHub Actions + Cloudflare KV Integration","updateAllRankings GitHub Actions function"],"fullName":"GitHub Actions + Cloudflare KV Integration updateAllRankings GitHub Actions function should make only ONE write to Cloudflare KV per update cycle","status":"passed","title":"should make only ONE write to Cloudflare KV per update cycle","duration":1.9631749999999784,"failureMessages":[],"meta":{}},{"ancestorTitles":["GitHub Actions + Cloudflare KV Integration","updateAllRankings GitHub Actions function"],"fullName":"GitHub Actions + Cloudflare KV Integration updateAllRankings GitHub Actions function should convert thumbnail URLs from .M to .L format","status":"passed","title":"should convert thumbnail URLs from .M to .L format","duration":0.15130099999998947,"failureMessages":[],"meta":{}},{"ancestorTitles":["GitHub Actions + Cloudflare KV Integration","updateAllRankings GitHub Actions function"],"fullName":"GitHub Actions + Cloudflare KV Integration updateAllRankings GitHub Actions function should handle tag ranking data for all popular tags","status":"passed","title":"should handle tag ranking data for all popular tags","duration":0.1594479999999976,"failureMessages":[],"meta":{}},{"ancestorTitles":["GitHub Actions + Cloudflare KV Integration","Vercel Edge API"],"fullName":"GitHub Actions + Cloudflare KV Integration Vercel Edge API should read compressed data from Cloudflare KV","status":"passed","title":"should read compressed data from Cloudflare KV","duration":0.24501899999995658,"failureMessages":[],"meta":{}},{"ancestorTitles":["GitHub Actions + Cloudflare KV Integration","Vercel Edge API"],"fullName":"GitHub Actions + Cloudflare KV Integration Vercel Edge API should decompress and parse ranking data correctly","status":"passed","title":"should decompress and parse ranking data correctly","duration":0.10452200000008816,"failureMessages":[],"meta":{}},{"ancestorTitles":["GitHub Actions + Cloudflare KV Integration","Vercel Edge API"],"fullName":"GitHub Actions + Cloudflare KV Integration Vercel Edge API should return specific genre/period data from the bundle","status":"passed","title":"should return specific genre/period data from the bundle","duration":0.24120299999992767,"failureMessages":[],"meta":{}},{"ancestorTitles":["GitHub Actions + Cloudflare KV Integration","Data Structure"],"fullName":"GitHub Actions + Cloudflare KV Integration Data Structure should structure data correctly for single KV write","status":"passed","title":"should structure data correctly for single KV write","duration":0.1839069999999765,"failureMessages":[],"meta":{}},{"ancestorTitles":["GitHub Actions + Cloudflare KV Integration","Data Structure"],"fullName":"GitHub Actions + Cloudflare KV Integration Data Structure should include tag rankings within genre data","status":"passed","title":"should include tag rankings within genre data","duration":0.22770500000001448,"failureMessages":[],"meta":{}},{"ancestorTitles":["GitHub Actions + Cloudflare KV Integration","Free Tier Limits"],"fullName":"GitHub Actions + Cloudflare KV Integration Free Tier Limits should stay within Cloudflare KV free tier limits","status":"passed","title":"should stay within Cloudflare KV free tier limits","duration":0.3166840000000093,"failureMessages":[],"meta":{}},{"ancestorTitles":["GitHub Actions + Cloudflare KV Integration","Free Tier Limits"],"fullName":"GitHub Actions + Cloudflare KV Integration Free Tier Limits should stay within 1MB value size limit","status":"passed","title":"should stay within 1MB value size limit","duration":0.19719399999996767,"failureMessages":[],"meta":{}}],"startTime":1749749266575,"endTime":1749749266581.3167,"status":"passed","message":"","name":"/home/hdyk/workspace/nico-ranking-new/__tests__/integration/convex-cloudflare-kv.test.ts"},{"assertionResults":[{"ancestorTitles":["Cron job with 300 items collection"],"fullName":"Cron job with 300 items collection should collect 300 items after NG filtering","status":"passed","title":"should collect 300 items after NG filtering","duration":19.181434999999965,"failureMessages":[],"meta":{}},{"ancestorTitles":["Cron job with 300 items collection"],"fullName":"Cron job with 300 items collection should handle case when not enough items available","status":"passed","title":"should handle case when not enough items available","duration":3.182341000000065,"failureMessages":[],"meta":{}}],"startTime":1749749263917,"endTime":1749749263940.1824,"status":"passed","message":"","name":"/home/hdyk/workspace/nico-ranking-new/__tests__/integration/cron-300-items.test.ts"},{"assertionResults":[{"ancestorTitles":["カスタムNGフィルタリング統合テスト"],"fullName":"カスタムNGフィルタリング統合テスト カスタムNGリストが設定されていない場合、すべての動画が表示される","status":"passed","title":"カスタムNGリストが設定されていない場合、すべての動画が表示される","duration":85.10915799999998,"failureMessages":[],"meta":{}},{"ancestorTitles":["カスタムNGフィルタリング統合テスト"],"fullName":"カスタムNGフィルタリング統合テスト 動画IDでNGフィルタリングされる","status":"passed","title":"動画IDでNGフィルタリングされる","duration":31.63655099999994,"failureMessages":[],"meta":{}},{"ancestorTitles":["カスタムNGフィルタリング統合テスト"],"fullName":"カスタムNGフィルタリング統合テスト 動画タイトル（部分一致）でNGフィルタリングされる","status":"passed","title":"動画タイトル（部分一致）でNGフィルタリングされる","duration":28.14338399999997,"failureMessages":[],"meta":{}},{"ancestorTitles":["カスタムNGフィルタリング統合テスト"],"fullName":"カスタムNGフィルタリング統合テスト 投稿者名（完全一致）でNGフィルタリングされる","status":"passed","title":"投稿者名（完全一致）でNGフィルタリングされる","duration":32.64592300000004,"failureMessages":[],"meta":{}},{"ancestorTitles":["カスタムNGフィルタリング統合テスト"],"fullName":"カスタムNGフィルタリング統合テスト 複数のNGフィルタが同時に機能する","status":"passed","title":"複数のNGフィルタが同時に機能する","duration":22.250411999999983,"failureMessages":[],"meta":{}}],"startTime":1749749257232,"endTime":1749749257431.2505,"status":"passed","message":"","name":"/home/hdyk/workspace/nico-ranking-new/__tests__/integration/custom-ng-filter.test.tsx"},{"assertionResults":[{"ancestorTitles":["Data Flow Integration"],"fullName":"Data Flow Integration should handle real ranking data format from KV","status":"passed","title":"should handle real ranking data format from KV","duration":12.255456999999979,"failureMessages":[],"meta":{}}],"startTime":1749749265318,"endTime":1749749265330.2554,"status":"passed","message":"","name":"/home/hdyk/workspace/nico-ranking-new/__tests__/integration/data-flow.test.ts"},{"assertionResults":[{"ancestorTitles":["深いページネーションでのスクロール位置復元"],"fullName":"深いページネーションでのスクロール位置復元 「もっと見る」で400件まで読み込んだ状態が保存される","status":"passed","title":"「もっと見る」で400件まで読み込んだ状態が保存される","duration":2.5069919999999684,"failureMessages":[],"meta":{}},{"ancestorTitles":["深いページネーションでのスクロール位置復元"],"fullName":"深いページネーションでのスクロール位置復元 ブラウザバックで戻った時に全データとスクロール位置が復元される","status":"passed","title":"ブラウザバックで戻った時に全データとスクロール位置が復元される","duration":0.5120930000000499,"failureMessages":[],"meta":{}},{"ancestorTitles":["深いページネーションでのスクロール位置復元"],"fullName":"深いページネーションでのスクロール位置復元 異なるランキング設定ごとに独立して状態が保存される","status":"passed","title":"異なるランキング設定ごとに独立して状態が保存される","duration":0.5789839999999913,"failureMessages":[],"meta":{}}],"startTime":1749749267201,"endTime":1749749267205.579,"status":"passed","message":"","name":"/home/hdyk/workspace/nico-ranking-new/__tests__/integration/deep-scroll-restoration.test.tsx"},{"assertionResults":[{"ancestorTitles":["Hourly Update Strategy"],"fullName":"Hourly Update Strategy should check if data is stale and needs update","status":"passed","title":"should check if data is stale and needs update","duration":1.7182199999999739,"failureMessages":[],"meta":{}},{"ancestorTitles":["Hourly Update Strategy"],"fullName":"Hourly Update Strategy should update data on first page visit if stale","status":"passed","title":"should update data on first page visit if stale","duration":0.307474999999954,"failureMessages":[],"meta":{}}],"startTime":1749749267170,"endTime":1749749267172.3074,"status":"passed","message":"","name":"/home/hdyk/workspace/nico-ranking-new/__tests__/integration/hourly-update.test.ts"},{"assertionResults":[{"ancestorTitles":["Initial Setup Experience"],"fullName":"Initial Setup Experience should provide helpful error message when no data exists","status":"skipped","title":"should provide helpful error message when no data exists","failureMessages":[],"meta":{}},{"ancestorTitles":["Initial Setup Experience"],"fullName":"Initial Setup Experience should cache data when scraping succeeds","status":"passed","title":"should cache data when scraping succeeds","duration":10.731531000000018,"failureMessages":[],"meta":{}}],"startTime":1749749264571,"endTime":1749749264581.7314,"status":"passed","message":"","name":"/home/hdyk/workspace/nico-ranking-new/__tests__/integration/initial-setup.test.ts"},{"assertionResults":[{"ancestorTitles":["getPopularTags dynamic fetching"],"fullName":"getPopularTags dynamic fetching should fetch popular tags dynamically for new genres","status":"passed","title":"should fetch popular tags dynamically for new genres","duration":180.32844400000005,"failureMessages":[],"meta":{}},{"ancestorTitles":["getPopularTags dynamic fetching"],"fullName":"getPopularTags dynamic fetching should return fallback tags when dynamic fetch fails","status":"passed","title":"should return fallback tags when dynamic fetch fails","duration":81.66422799999998,"failureMessages":[],"meta":{}},{"ancestorTitles":["getPopularTags dynamic fetching"],"fullName":"getPopularTags dynamic fetching should handle all 23 genres correctly","status":"passed","title":"should handle all 23 genres correctly","duration":849.003786,"failureMessages":[],"meta":{}}],"startTime":1749749252479,"endTime":1749749253591.004,"status":"passed","message":"","name":"/home/hdyk/workspace/nico-ranking-new/__tests__/integration/popular-tags-dynamic.test.ts"},{"assertionResults":[{"ancestorTitles":["ユーザー設定の完全な永続化テスト","基本的な保存と復元"],"fullName":"ユーザー設定の完全な永続化テスト 基本的な保存と復元 ジャンル・期間・タグがすべて保存される","status":"passed","title":"ジャンル・期間・タグがすべて保存される","duration":11.586190999999985,"failureMessages":[],"meta":{}},{"ancestorTitles":["ユーザー設定の完全な永続化テスト","基本的な保存と復元"],"fullName":"ユーザー設定の完全な永続化テスト 基本的な保存と復元 保存された設定が次回マウント時に復元される","status":"passed","title":"保存された設定が次回マウント時に復元される","duration":2.3044310000000223,"failureMessages":[],"meta":{}},{"ancestorTitles":["ユーザー設定の完全な永続化テスト","人気タグの保存"],"fullName":"ユーザー設定の完全な永続化テスト 人気タグの保存 人気タグから選択したタグも通常のタグと同じように保存される","status":"passed","title":"人気タグから選択したタグも通常のタグと同じように保存される","duration":1.0885680000000093,"failureMessages":[],"meta":{}},{"ancestorTitles":["ユーザー設定の完全な永続化テスト","人気タグの保存"],"fullName":"ユーザー設定の完全な永続化テスト 人気タグの保存 タグをクリアした場合はundefinedが保存される","status":"passed","title":"タグをクリアした場合はundefinedが保存される","duration":1.2040789999999788,"failureMessages":[],"meta":{}},{"ancestorTitles":["ユーザー設定の完全な永続化テスト","部分的な更新"],"fullName":"ユーザー設定の完全な永続化テスト 部分的な更新 一部のフィールドのみ更新しても他のフィールドは保持される","status":"passed","title":"一部のフィールドのみ更新しても他のフィールドは保持される","duration":1.0384540000000015,"failureMessages":[],"meta":{}},{"ancestorTitles":["ユーザー設定の完全な永続化テスト","リセット機能"],"fullName":"ユーザー設定の完全な永続化テスト リセット機能 resetPreferencesでデフォルト値に戻る","status":"passed","title":"resetPreferencesでデフォルト値に戻る","duration":1.2266899999999623,"failureMessages":[],"meta":{}}],"startTime":1749749263289,"endTime":1749749263307.2268,"status":"passed","message":"","name":"/home/hdyk/workspace/nico-ranking-new/__tests__/integration/preferences-complete.test.tsx"},{"assertionResults":[{"ancestorTitles":["ユーザー設定のE2Eシミュレーション"],"fullName":"ユーザー設定のE2Eシミュレーション 実際のユーザーフローをシミュレート","status":"passed","title":"実際のユーザーフローをシミュレート","duration":2.296359000000052,"failureMessages":[],"meta":{}},{"ancestorTitles":["ユーザー設定のE2Eシミュレーション"],"fullName":"ユーザー設定のE2Eシミュレーション 人気タグを変更するシナリオ","status":"passed","title":"人気タグを変更するシナリオ","duration":0.21379100000001472,"failureMessages":[],"meta":{}},{"ancestorTitles":["ユーザー設定のE2Eシミュレーション"],"fullName":"ユーザー設定のE2Eシミュレーション タグをクリアして「すべて」に戻すシナリオ","status":"passed","title":"タグをクリアして「すべて」に戻すシナリオ","duration":0.20303899999998976,"failureMessages":[],"meta":{}}],"startTime":1749749266628,"endTime":1749749266631.2139,"status":"passed","message":"","name":"/home/hdyk/workspace/nico-ranking-new/__tests__/integration/preferences-e2e-simulation.test.tsx"},{"assertionResults":[{"ancestorTitles":["Ranking API pagination (100 items per page)"],"fullName":"Ranking API pagination (100 items per page) should return first 100 items with popularTags for page 1","status":"passed","title":"should return first 100 items with popularTags for page 1","duration":111.62768800000003,"failureMessages":[],"meta":{}},{"ancestorTitles":["Ranking API pagination (100 items per page)"],"fullName":"Ranking API pagination (100 items per page) should return page 2 and page 3 from cached data","status":"passed","title":"should return page 2 and page 3 from cached data","duration":99.21653199999992,"failureMessages":[],"meta":{}},{"ancestorTitles":["Ranking API pagination (100 items per page)"],"fullName":"Ranking API pagination (100 items per page) should handle page 4 and beyond with dynamic fetching","status":"passed","title":"should handle page 4 and beyond with dynamic fetching","duration":1.2659090000000788,"failureMessages":[],"meta":{}}],"startTime":1749749257514,"endTime":1749749257726.2659,"status":"passed","message":"","name":"/home/hdyk/workspace/nico-ranking-new/__tests__/integration/ranking-300-items.test.ts"},{"assertionResults":[{"ancestorTitles":["Ranking API Integration"],"fullName":"Ranking API Integration should return 200 with ranking data when KV has data","status":"passed","title":"should return 200 with ranking data when KV has data","duration":9.403107999999975,"failureMessages":[],"meta":{}},{"ancestorTitles":["Ranking API Integration"],"fullName":"Ranking API Integration should return mock data when KV has no data and scraping fails","status":"skipped","title":"should return mock data when KV has no data and scraping fails","failureMessages":[],"meta":{}},{"ancestorTitles":["Ranking API Integration"],"fullName":"Ranking API Integration should fetch from scraper when KV returns invalid data","status":"passed","title":"should fetch from scraper when KV returns invalid data","duration":1.3566319999999905,"failureMessages":[],"meta":{}},{"ancestorTitles":["Ranking API Integration"],"fullName":"Ranking API Integration should handle KV errors gracefully","status":"passed","title":"should handle KV errors gracefully","duration":1.010913999999957,"failureMessages":[],"meta":{}}],"startTime":1749749264625,"endTime":1749749264637.011,"status":"passed","message":"","name":"/home/hdyk/workspace/nico-ranking-new/__tests__/integration/ranking-api.test.ts"},{"assertionResults":[{"ancestorTitles":["Suspense Boundary in Pages"],"fullName":"Suspense Boundary in Pages should render HomePage with Suspense boundary","status":"passed","title":"should render HomePage with Suspense boundary","duration":2.260689999999954,"failureMessages":[],"meta":{}},{"ancestorTitles":["Suspense Boundary in Pages"],"fullName":"Suspense Boundary in Pages should render Test300Page with Suspense boundary","status":"passed","title":"should render Test300Page with Suspense boundary","duration":0.32196399999997993,"failureMessages":[],"meta":{}}],"startTime":1749749267295,"endTime":1749749267297.322,"status":"passed","message":"","name":"/home/hdyk/workspace/nico-ranking-new/__tests__/integration/suspense-boundary-pages.test.tsx"},{"assertionResults":[{"ancestorTitles":["タグ別ランキングの動的読み込み"],"fullName":"タグ別ランキングの動的読み込み ページ1でNGフィルタリング後100件を確保する","status":"passed","title":"ページ1でNGフィルタリング後100件を確保する","duration":8.369936999999936,"failureMessages":[],"meta":{}},{"ancestorTitles":["タグ別ランキングの動的読み込み"],"fullName":"タグ別ランキングの動的読み込み ページ2で正しいランク番号が割り当てられる","status":"passed","title":"ページ2で正しいランク番号が割り当てられる","duration":2.0838599999999587,"failureMessages":[],"meta":{}},{"ancestorTitles":["タグ別ランキングの動的読み込み"],"fullName":"タグ別ランキングの動的読み込み データが少ない場合はあるだけ返す","status":"passed","title":"データが少ない場合はあるだけ返す","duration":1.9561770000000251,"failureMessages":[],"meta":{}},{"ancestorTitles":["タグ別ランキングの動的読み込み"],"fullName":"タグ別ランキングの動的読み込み cronが作成した300件のキャッシュからページ1を取得する","status":"passed","title":"cronが作成した300件のキャッシュからページ1を取得する","duration":2.006793000000016,"failureMessages":[],"meta":{}}],"startTime":1749749264662,"endTime":1749749264676.0068,"status":"passed","message":"","name":"/home/hdyk/workspace/nico-ranking-new/__tests__/integration/tag-ranking-pagination.test.ts"},{"assertionResults":[{"ancestorTitles":["ユーザー設定の永続化"],"fullName":"ユーザー設定の永続化 ジャンル変更時に設定が保存される","status":"passed","title":"ジャンル変更時に設定が保存される","duration":117.41970499999991,"failureMessages":[],"meta":{}},{"ancestorTitles":["ユーザー設定の永続化"],"fullName":"ユーザー設定の永続化 期間変更時に設定が保存される","status":"passed","title":"期間変更時に設定が保存される","duration":43.88683200000003,"failureMessages":[],"meta":{}},{"ancestorTitles":["ユーザー設定の永続化"],"fullName":"ユーザー設定の永続化 タグ選択時に設定が保存される","status":"passed","title":"タグ選択時に設定が保存される","duration":25.648364000000015,"failureMessages":[],"meta":{}},{"ancestorTitles":["ユーザー設定の永続化"],"fullName":"ユーザー設定の永続化 ページ読み込み時に保存された設定が適用される","status":"passed","title":"ページ読み込み時に保存された設定が適用される","duration":28.17677500000002,"failureMessages":[],"meta":{}}],"startTime":1749749257410,"endTime":1749749257625.1768,"status":"passed","message":"","name":"/home/hdyk/workspace/nico-ranking-new/__tests__/integration/user-preferences-persistence.test.tsx"},{"assertionResults":[{"ancestorTitles":["Vercel Build Errors"],"fullName":"Vercel Build Errors should have separate viewport export in layout","status":"passed","title":"should have separate viewport export in layout","duration":8.713223000000028,"failureMessages":[],"meta":{}},{"ancestorTitles":["Vercel Build Errors"],"fullName":"Vercel Build Errors should render ClientPage with useSearchParams inside Suspense","status":"passed","title":"should render ClientPage with useSearchParams inside Suspense","duration":52.36610099999996,"failureMessages":[],"meta":{}},{"ancestorTitles":["Vercel Build Errors"],"fullName":"Vercel Build Errors should not have console statements in production code","status":"passed","title":"should not have console statements in production code","duration":1.234499000000028,"failureMessages":[],"meta":{}}],"startTime":1749749260597,"endTime":1749749260659.2346,"status":"passed","message":"","name":"/home/hdyk/workspace/nico-ranking-new/__tests__/integration/vercel-build-errors.test.tsx"},{"assertionResults":[{"ancestorTitles":["Vercel Edge API - Cloudflare KV Integration","GET /api/ranking"],"fullName":"Vercel Edge API - Cloudflare KV Integration GET /api/ranking should fetch genre ranking from Cloudflare KV","status":"skipped","title":"should fetch genre ranking from Cloudflare KV","failureMessages":[],"meta":{}},{"ancestorTitles":["Vercel Edge API - Cloudflare KV Integration","GET /api/ranking"],"fullName":"Vercel Edge API - Cloudflare KV Integration GET /api/ranking should fetch tag-specific ranking from Cloudflare KV","status":"skipped","title":"should fetch tag-specific ranking from Cloudflare KV","failureMessages":[],"meta":{}},{"ancestorTitles":["Vercel Edge API - Cloudflare KV Integration","GET /api/ranking"],"fullName":"Vercel Edge API - Cloudflare KV Integration GET /api/ranking should handle missing data gracefully","status":"skipped","title":"should handle missing data gracefully","failureMessages":[],"meta":{}},{"ancestorTitles":["Vercel Edge API - Cloudflare KV Integration","GET /api/ranking"],"fullName":"Vercel Edge API - Cloudflare KV Integration GET /api/ranking should validate genre parameter","status":"skipped","title":"should validate genre parameter","failureMessages":[],"meta":{}},{"ancestorTitles":["Vercel Edge API - Cloudflare KV Integration","GET /api/ranking"],"fullName":"Vercel Edge API - Cloudflare KV Integration GET /api/ranking should validate period parameter","status":"skipped","title":"should validate period parameter","failureMessages":[],"meta":{}},{"ancestorTitles":["Vercel Edge API - Cloudflare KV Integration","GET /api/ranking"],"fullName":"Vercel Edge API - Cloudflare KV Integration GET /api/ranking should return correct cache headers","status":"skipped","title":"should return correct cache headers","failureMessages":[],"meta":{}},{"ancestorTitles":["Vercel Edge API - Cloudflare KV Integration","GET /api/ranking"],"fullName":"Vercel Edge API - Cloudflare KV Integration GET /api/ranking should handle large datasets efficiently","status":"skipped","title":"should handle large datasets efficiently","failureMessages":[],"meta":{}},{"ancestorTitles":["Vercel Edge API - Cloudflare KV Integration","GET /api/ranking"],"fullName":"Vercel Edge API - Cloudflare KV Integration GET /api/ranking should support pagination for client-side loading","status":"skipped","title":"should support pagination for client-side loading","failureMessages":[],"meta":{}},{"ancestorTitles":["Vercel Edge API - Cloudflare KV Integration","Error Handling"],"fullName":"Vercel Edge API - Cloudflare KV Integration Error Handling should handle KV connection errors","status":"skipped","title":"should handle KV connection errors","failureMessages":[],"meta":{}},{"ancestorTitles":["Vercel Edge API - Cloudflare KV Integration","Error Handling"],"fullName":"Vercel Edge API - Cloudflare KV Integration Error Handling should handle decompression errors","status":"skipped","title":"should handle decompression errors","failureMessages":[],"meta":{}}],"startTime":1749749242541,"endTime":1749749242541,"status":"passed","message":"","name":"/home/hdyk/workspace/nico-ranking-new/__tests__/integration/vercel-edge-kv-api.test.ts"},{"assertionResults":[{"ancestorTitles":["/api/video-stats"],"fullName":"/api/video-stats 動画IDリストから統計情報を取得できる","status":"passed","title":"動画IDリストから統計情報を取得できる","duration":8.884096,"failureMessages":[],"meta":{}},{"ancestorTitles":["/api/video-stats"],"fullName":"/api/video-stats 動画IDが指定されていない場合は400エラー","status":"passed","title":"動画IDが指定されていない場合は400エラー","duration":1.15324099999998,"failureMessages":[],"meta":{}},{"ancestorTitles":["/api/video-stats"],"fullName":"/api/video-stats 動画IDが多すぎる場合は400エラー","status":"passed","title":"動画IDが多すぎる場合は400エラー","duration":2.477113000000031,"failureMessages":[],"meta":{}},{"ancestorTitles":["/api/video-stats"],"fullName":"/api/video-stats 空のIDは除外される","status":"passed","title":"空のIDは除外される","duration":1.0761710000000448,"failureMessages":[],"meta":{}},{"ancestorTitles":["/api/video-stats"],"fullName":"/api/video-stats キャッシュヘッダーが正しく設定される","status":"passed","title":"キャッシュヘッダーが正しく設定される","duration":0.952227999999991,"failureMessages":[],"meta":{}},{"ancestorTitles":["/api/video-stats"],"fullName":"/api/video-stats APIエラー時は500エラー","status":"passed","title":"APIエラー時は500エラー","duration":1.1610399999999572,"failureMessages":[],"meta":{}}],"startTime":1749749263989,"endTime":1749749264004.1611,"status":"passed","message":"","name":"/home/hdyk/workspace/nico-ranking-new/__tests__/integration/video-stats-api.test.ts"},{"assertionResults":[{"ancestorTitles":["app/page.tsx Server Component","fetchRankingData関数のテスト"],"fullName":"app/page.tsx Server Component fetchRankingData関数のテスト Cloudflare KVから正常にデータを取得できる場合","status":"passed","title":"Cloudflare KVから正常にデータを取得できる場合","duration":4.038049999999998,"failureMessages":[],"meta":{}},{"ancestorTitles":["app/page.tsx Server Component","fetchRankingData関数のテスト"],"fullName":"app/page.tsx Server Component fetchRankingData関数のテスト Cloudflare KVがエラーの場合、スクレイピングにフォールバック","status":"passed","title":"Cloudflare KVがエラーの場合、スクレイピングにフォールバック","duration":0.8737529999999651,"failureMessages":[],"meta":{}},{"ancestorTitles":["app/page.tsx Server Component","fetchRankingData関数のテスト"],"fullName":"app/page.tsx Server Component fetchRankingData関数のテスト タグ指定の場合、直接スクレイピングを実行","status":"passed","title":"タグ指定の場合、直接スクレイピングを実行","duration":0.48943200000002207,"failureMessages":[],"meta":{}},{"ancestorTitles":["app/page.tsx Server Component","エラーハンドリング"],"fullName":"app/page.tsx Server Component エラーハンドリング データが空の場合、空の結果を返す","status":"failed","title":"データが空の場合、空の結果を返す","duration":6.763060999999993,"failureMessages":["AssertionError: expected [ …(2) ] to deeply equal []\n    at /home/hdyk/workspace/nico-ranking-new/__tests__/unit/app-page-server.test.tsx:226:28\n    at processTicksAndRejections (node:internal/process/task_queues:105:5)\n    at file:///home/hdyk/workspace/nico-ranking-new/node_modules/@vitest/runner/dist/chunk-hooks.js:752:20"],"meta":{}},{"ancestorTitles":["app/page.tsx Server Component","エラーハンドリング"],"fullName":"app/page.tsx Server Component エラーハンドリング タグ検索でデータが空の場合、空の結果を返す","status":"passed","title":"タグ検索でデータが空の場合、空の結果を返す","duration":0.4028210000000172,"failureMessages":[],"meta":{}},{"ancestorTitles":["app/page.tsx Server Component","エラーハンドリング"],"fullName":"app/page.tsx Server Component エラーハンドリング 例外が発生した場合、空のデータを返す","status":"passed","title":"例外が発生した場合、空のデータを返す","duration":0.30619100000001254,"failureMessages":[],"meta":{}},{"ancestorTitles":["app/page.tsx Server Component","パラメータ処理"],"fullName":"app/page.tsx Server Component パラメータ処理 デフォルトパラメータが正しく設定される","status":"passed","title":"デフォルトパラメータが正しく設定される","duration":0.3259219999999914,"failureMessages":[],"meta":{}},{"ancestorTitles":["app/page.tsx Server Component","パラメータ処理"],"fullName":"app/page.tsx Server Component パラメータ処理 カスタムパラメータが正しく処理される","status":"passed","title":"カスタムパラメータが正しく処理される","duration":0.2467699999999695,"failureMessages":[],"meta":{}},{"ancestorTitles":["app/page.tsx Server Component","NGフィルタリング"],"fullName":"app/page.tsx Server Component NGフィルタリング KVデータに対してNGフィルタリングが適用される","status":"passed","title":"KVデータに対してNGフィルタリングが適用される","duration":0.2751430000000141,"failureMessages":[],"meta":{}},{"ancestorTitles":["app/page.tsx Server Component","NGフィルタリング"],"fullName":"app/page.tsx Server Component NGフィルタリング スクレイピングデータに対してNGフィルタリングが適用される","status":"passed","title":"スクレイピングデータに対してNGフィルタリングが適用される","duration":0.3548759999999902,"failureMessages":[],"meta":{}},{"ancestorTitles":["app/page.tsx Server Component","人気タグの取得"],"fullName":"app/page.tsx Server Component 人気タグの取得 allジャンル以外でタグ指定なしの場合、人気タグを取得","status":"passed","title":"allジャンル以外でタグ指定なしの場合、人気タグを取得","duration":0.2305640000000153,"failureMessages":[],"meta":{}},{"ancestorTitles":["app/page.tsx Server Component","人気タグの取得"],"fullName":"app/page.tsx Server Component 人気タグの取得 allジャンルの場合、人気タグを取得しない","status":"passed","title":"allジャンルの場合、人気タグを取得しない","duration":0.2248260000000073,"failureMessages":[],"meta":{}},{"ancestorTitles":["app/page.tsx Server Component","人気タグの取得"],"fullName":"app/page.tsx Server Component 人気タグの取得 タグ指定ありの場合、人気タグを取得しない","status":"passed","title":"タグ指定ありの場合、人気タグを取得しない","duration":0.22793799999999464,"failureMessages":[],"meta":{}},{"ancestorTitles":["app/page.tsx Server Component","人気タグの取得"],"fullName":"app/page.tsx Server Component 人気タグの取得 人気タグ取得でエラーが発生しても処理は継続","status":"passed","title":"人気タグ取得でエラーが発生しても処理は継続","duration":0.21582200000000284,"failureMessages":[],"meta":{}},{"ancestorTitles":["app/page.tsx Server Component","データ変換処理"],"fullName":"app/page.tsx Server Component データ変換処理 スクレイピングデータが正しく変換される","status":"passed","title":"スクレイピングデータが正しく変換される","duration":0.7903800000000274,"failureMessages":[],"meta":{}},{"ancestorTitles":["app/page.tsx Server Component","データ変換処理"],"fullName":"app/page.tsx Server Component データ変換処理 無効なアイテム（IDやタイトルなし）は除外される","status":"passed","title":"無効なアイテム（IDやタイトルなし）は除外される","duration":0.8431339999999636,"failureMessages":[],"meta":{}}],"startTime":1749749243678,"endTime":1749749243694.843,"status":"failed","message":"","name":"/home/hdyk/workspace/nico-ranking-new/__tests__/unit/app-page-server.test.tsx"},{"assertionResults":[{"ancestorTitles":["ブラウザバック時のスクロール復元修正"],"fullName":"ブラウザバック時のスクロール復元修正 コンポーネントマウント時にscrollRestorationはautoのまま維持される","status":"passed","title":"コンポーネントマウント時にscrollRestorationはautoのまま維持される","duration":223.541293,"failureMessages":[],"meta":{}},{"ancestorTitles":["ブラウザバック時のスクロール復元修正"],"fullName":"ブラウザバック時のスクロール復元修正 動画ページから戻った際（showパラメータなし）に100件表示に戻る","status":"passed","title":"動画ページから戻った際（showパラメータなし）に100件表示に戻る","duration":363.50668299999995,"failureMessages":[],"meta":{}},{"ancestorTitles":["ブラウザバック時のスクロール復元修正"],"fullName":"ブラウザバック時のスクロール復元修正 popstateイベントでrequestAnimationFrameが条件付きで実行される","status":"passed","title":"popstateイベントでrequestAnimationFrameが条件付きで実行される","duration":114.8358189999999,"failureMessages":[],"meta":{}},{"ancestorTitles":["ブラウザバック時のスクロール復元修正"],"fullName":"ブラウザバック時のスクロール復元修正 popstateイベントでshowパラメータがdisplayCountと同じ場合は処理されない","status":"passed","title":"popstateイベントでshowパラメータがdisplayCountと同じ場合は処理されない","duration":125.07028500000001,"failureMessages":[],"meta":{}},{"ancestorTitles":["ブラウザバック時のスクロール復元修正"],"fullName":"ブラウザバック時のスクロール復元修正 コンポーネントアンマウント時もscrollRestorationはautoのまま維持される","status":"passed","title":"コンポーネントアンマウント時もscrollRestorationはautoのまま維持される","duration":92.34120299999995,"failureMessages":[],"meta":{}}],"startTime":1749749252231,"endTime":1749749253150.3413,"status":"passed","message":"","name":"/home/hdyk/workspace/nico-ranking-new/__tests__/unit/browser-back-fix.test.tsx"},{"assertionResults":[{"ancestorTitles":["ブラウザバック時のスクロール位置復元"],"fullName":"ブラウザバック時のスクロール位置復元 150位まで表示した後、ブラウザバックで同じ位置に戻る","status":"passed","title":"150位まで表示した後、ブラウザバックで同じ位置に戻る","duration":144.509819,"failureMessages":[],"meta":{}},{"ancestorTitles":["ブラウザバック時のスクロール位置復元"],"fullName":"ブラウザバック時のスクロール位置復元 タグ別ランキングでも位置が正しく復元される","status":"passed","title":"タグ別ランキングでも位置が正しく復元される","duration":66.90723000000003,"failureMessages":[],"meta":{}}],"startTime":1749749259066,"endTime":1749749259277.9072,"status":"passed","message":"","name":"/home/hdyk/workspace/nico-ranking-new/__tests__/unit/browser-back-scroll-restore.test.tsx"},{"assertionResults":[{"ancestorTitles":["Build Error Fixes"],"fullName":"Build Error Fixes should have fetchRanking exported from complete-hybrid-scraper","status":"passed","title":"should have fetchRanking exported from complete-hybrid-scraper","duration":0.9906100000000606,"failureMessages":[],"meta":{}},{"ancestorTitles":["Build Error Fixes"],"fullName":"Build Error Fixes should return proper types from fetchRanking","status":"passed","title":"should return proper types from fetchRanking","duration":0.2526279999999588,"failureMessages":[],"meta":{}}],"startTime":1749749271220,"endTime":1749749271221.2527,"status":"passed","message":"","name":"/home/hdyk/workspace/nico-ranking-new/__tests__/unit/build-errors.test.ts"},{"assertionResults":[{"ancestorTitles":["もっと見るボタンの表示ロジック"],"fullName":"もっと見るボタンの表示ロジック 47件しかないタグ別ランキングではボタンが表示されない","status":"passed","title":"47件しかないタグ別ランキングではボタンが表示されない","duration":213.19944100000004,"failureMessages":[],"meta":{}},{"ancestorTitles":["もっと見るボタンの表示ロジック"],"fullName":"もっと見るボタンの表示ロジック 100件ちょうどのタグ別ランキングではボタンが表示される","status":"passed","title":"100件ちょうどのタグ別ランキングではボタンが表示される","duration":275.84619,"failureMessages":[],"meta":{}},{"ancestorTitles":["もっと見るボタンの表示ロジック"],"fullName":"もっと見るボタンの表示ロジック 通常ランキングで150件ある場合","status":"passed","title":"通常ランキングで150件ある場合","duration":244.13231000000007,"failureMessages":[],"meta":{}},{"ancestorTitles":["もっと見るボタンの表示ロジック"],"fullName":"もっと見るボタンの表示ロジック 通常ランキングで80件しかない場合","status":"passed","title":"通常ランキングで80件しかない場合","duration":162.1640500000001,"failureMessages":[],"meta":{}}],"startTime":1749749253720,"endTime":1749749254616.164,"status":"passed","message":"","name":"/home/hdyk/workspace/nico-ranking-new/__tests__/unit/button-display-logic.test.tsx"},{"assertionResults":[{"ancestorTitles":["200件表示時のボタンテキスト"],"fullName":"200件表示時のボタンテキスト 通常ランキングで200件表示時に正しいテキストが表示される","status":"passed","title":"通常ランキングで200件表示時に正しいテキストが表示される","duration":548.1211099999999,"failureMessages":[],"meta":{}},{"ancestorTitles":["200件表示時のボタンテキスト"],"fullName":"200件表示時のボタンテキスト タグ別ランキングで200件表示時の問題","status":"passed","title":"タグ別ランキングで200件表示時の問題","duration":494.30603799999994,"failureMessages":[],"meta":{}},{"ancestorTitles":["200件表示時のボタンテキスト"],"fullName":"200件表示時のボタンテキスト 現在の実装では「もっと見る」と統一表示される","status":"passed","title":"現在の実装では「もっと見る」と統一表示される","duration":188.4452349999999,"failureMessages":[],"meta":{}}],"startTime":1749749248560,"endTime":1749749249791.4453,"status":"passed","message":"","name":"/home/hdyk/workspace/nico-ranking-new/__tests__/unit/button-text-200-items.test.tsx"},{"assertionResults":[{"ancestorTitles":["ボタンテキストの統一性"],"fullName":"ボタンテキストの統一性 通常のランキングで「もっと見る」ボタンが表示される","status":"passed","title":"通常のランキングで「もっと見る」ボタンが表示される","duration":328.052324,"failureMessages":[],"meta":{}},{"ancestorTitles":["ボタンテキストの統一性"],"fullName":"ボタンテキストの統一性 タグ別ランキングで「もっと見る」ボタンが表示される","status":"passed","title":"タグ別ランキングで「もっと見る」ボタンが表示される","duration":216.244419,"failureMessages":[],"meta":{}},{"ancestorTitles":["ボタンテキストの統一性"],"fullName":"ボタンテキストの統一性 統一されたボタンテキストが使用されるべき","status":"passed","title":"統一されたボタンテキストが使用されるべき","duration":162.25966700000004,"failureMessages":[],"meta":{}}],"startTime":1749749252646,"endTime":1749749253352.2598,"status":"passed","message":"","name":"/home/hdyk/workspace/nico-ranking-new/__tests__/unit/button-text-consistency.test.tsx"},{"assertionResults":[{"ancestorTitles":["Cache Strategy Improvements","Multi-layer Caching"],"fullName":"Cache Strategy Improvements Multi-layer Caching should implement browser cache with appropriate headers","status":"passed","title":"should implement browser cache with appropriate headers","duration":4.508515999999986,"failureMessages":[],"meta":{}},{"ancestorTitles":["Cache Strategy Improvements","Multi-layer Caching"],"fullName":"Cache Strategy Improvements Multi-layer Caching should handle conditional requests with ETag","status":"passed","title":"should handle conditional requests with ETag","duration":1.55141500000002,"failureMessages":[],"meta":{}},{"ancestorTitles":["Cache Strategy Improvements","Incremental Cache Updates"],"fullName":"Cache Strategy Improvements Incremental Cache Updates should implement stale-while-revalidate pattern","status":"passed","title":"should implement stale-while-revalidate pattern","duration":0.7422690000000784,"failureMessages":[],"meta":{}},{"ancestorTitles":["Cache Strategy Improvements","Incremental Cache Updates"],"fullName":"Cache Strategy Improvements Incremental Cache Updates should update cache incrementally for changed items only","status":"passed","title":"should update cache incrementally for changed items only","duration":0.8623530000000983,"failureMessages":[],"meta":{}},{"ancestorTitles":["Cache Strategy Improvements","Cache Key Management"],"fullName":"Cache Strategy Improvements Cache Key Management should generate consistent cache keys","status":"passed","title":"should generate consistent cache keys","duration":0.2283109999999624,"failureMessages":[],"meta":{}},{"ancestorTitles":["Cache Strategy Improvements","Cache Key Management"],"fullName":"Cache Strategy Improvements Cache Key Management should implement cache versioning","status":"passed","title":"should implement cache versioning","duration":0.10391099999992548,"failureMessages":[],"meta":{}},{"ancestorTitles":["Cache Strategy Improvements","Cache Invalidation"],"fullName":"Cache Strategy Improvements Cache Invalidation should invalidate related caches when data updates","status":"passed","title":"should invalidate related caches when data updates","duration":0.5765349999999216,"failureMessages":[],"meta":{}},{"ancestorTitles":["Cache Strategy Improvements","Cache Invalidation"],"fullName":"Cache Strategy Improvements Cache Invalidation should implement TTL-based auto-invalidation","status":"passed","title":"should implement TTL-based auto-invalidation","duration":0.1324730000000045,"failureMessages":[],"meta":{}},{"ancestorTitles":["Cache Strategy Improvements","Performance Monitoring"],"fullName":"Cache Strategy Improvements Performance Monitoring should track cache hit rates","status":"passed","title":"should track cache hit rates","duration":0.32750099999998383,"failureMessages":[],"meta":{}}],"startTime":1749749263939,"endTime":1749749263948.3274,"status":"passed","message":"","name":"/home/hdyk/workspace/nico-ranking-new/__tests__/unit/cache-strategy.test.ts"},{"assertionResults":[{"ancestorTitles":["Cloudflare Workers API Gateway","Rate Limiting at Edge"],"fullName":"Cloudflare Workers API Gateway Rate Limiting at Edge should implement Cloudflare rate limiting rules","status":"passed","title":"should implement Cloudflare rate limiting rules","duration":3.1245709999999463,"failureMessages":[],"meta":{}},{"ancestorTitles":["Cloudflare Workers API Gateway","Rate Limiting at Edge"],"fullName":"Cloudflare Workers API Gateway Rate Limiting at Edge should block requests exceeding rate limit","status":"passed","title":"should block requests exceeding rate limit","duration":2.6004540000000134,"failureMessages":[],"meta":{}},{"ancestorTitles":["Cloudflare Workers API Gateway","Request Routing"],"fullName":"Cloudflare Workers API Gateway Request Routing should route /api/ranking requests to Next.js","status":"passed","title":"should route /api/ranking requests to Next.js","duration":3.4138470000000325,"failureMessages":[],"meta":{}},{"ancestorTitles":["Cloudflare Workers API Gateway","Request Routing"],"fullName":"Cloudflare Workers API Gateway Request Routing should handle static assets from Cloudflare cache","status":"passed","title":"should handle static assets from Cloudflare cache","duration":1.0980550000000449,"failureMessages":[],"meta":{}},{"ancestorTitles":["Cloudflare Workers API Gateway","Security Headers"],"fullName":"Cloudflare Workers API Gateway Security Headers should add security headers to responses","status":"passed","title":"should add security headers to responses","duration":1.7747430000000577,"failureMessages":[],"meta":{}},{"ancestorTitles":["Cloudflare Workers API Gateway","API Key Protection"],"fullName":"Cloudflare Workers API Gateway API Key Protection should validate API keys for admin endpoints","status":"passed","title":"should validate API keys for admin endpoints","duration":0.6463750000000346,"failureMessages":[],"meta":{}},{"ancestorTitles":["Cloudflare Workers API Gateway","Error Handling"],"fullName":"Cloudflare Workers API Gateway Error Handling should handle upstream errors gracefully","status":"passed","title":"should handle upstream errors gracefully","duration":0.7080519999999524,"failureMessages":[],"meta":{}}],"startTime":1749749265333,"endTime":1749749265346.708,"status":"passed","message":"","name":"/home/hdyk/workspace/nico-ranking-new/__tests__/unit/cloudflare-api-gateway.test.ts"},{"assertionResults":[{"ancestorTitles":["cloudflare-kv.ts - Extended Coverage","compressData / decompressData"],"fullName":"cloudflare-kv.ts - Extended Coverage compressData / decompressData データを正しく圧縮・解凍できる","status":"failed","title":"データを正しく圧縮・解凍できる","duration":33.25938400000001,"failureMessages":["AssertionError: expected Uint8Array[ 123, 34, 116, 101, …(-76) ] to be an instance of Uint8Array\n    at Proxy.<anonymous> (file:///home/hdyk/workspace/nico-ranking-new/node_modules/@vitest/expect/dist/index.js:1245:15)\n    at Proxy.<anonymous> (file:///home/hdyk/workspace/nico-ranking-new/node_modules/@vitest/expect/dist/index.js:1022:14)\n    at Proxy.methodWrapper (file:///home/hdyk/workspace/nico-ranking-new/node_modules/chai/chai.js:1618:25)\n    at /home/hdyk/workspace/nico-ranking-new/__tests__/unit/cloudflare-kv-extended.test.ts:68:26\n    at processTicksAndRejections (node:internal/process/task_queues:105:5)\n    at file:///home/hdyk/workspace/nico-ranking-new/node_modules/@vitest/runner/dist/chunk-hooks.js:752:20"],"meta":{}},{"ancestorTitles":["cloudflare-kv.ts - Extended Coverage","compressData / decompressData"],"fullName":"cloudflare-kv.ts - Extended Coverage compressData / decompressData 大きなデータも正しく処理できる","status":"passed","title":"大きなデータも正しく処理できる","duration":6.432499000000007,"failureMessages":[],"meta":{}},{"ancestorTitles":["cloudflare-kv.ts - Extended Coverage","setRankingToKV"],"fullName":"cloudflare-kv.ts - Extended Coverage setRankingToKV Worker環境でKVに正しく書き込む","status":"failed","title":"Worker環境でKVに正しく書き込む","duration":4.6194940000000315,"failureMessages":["AssertionError: expected \"spy\" to be called with arguments: [ 'RANKING_LATEST', …(2) ]\u001b[90m\n\nReceived: \n\n\u001b[1m  1st spy call:\n\n\u001b[22m\u001b[33m@@ -1,8 +1,346 @@\u001b[90m\n\u001b[2m  [\u001b[22m\n\u001b[2m    \"RANKING_LATEST\",\u001b[22m\n\u001b[32m-   Any<Uint8Array>,\u001b[90m\n\u001b[31m+   Uint8Array [\u001b[90m\n\u001b[31m+     123,\u001b[90m\n\u001b[31m+     34,\u001b[90m\n\u001b[31m+     103,\u001b[90m\n\u001b[31m+     101,\u001b[90m\n\u001b[31m+     110,\u001b[90m\n\u001b[31m+     114,\u001b[90m\n\u001b[31m+     101,\u001b[90m\n\u001b[31m+     115,\u001b[90m\n\u001b[31m+     34,\u001b[90m\n\u001b[31m+     58,\u001b[90m\n\u001b[31m+     123,\u001b[90m\n\u001b[31m+     34,\u001b[90m\n\u001b[31m+     97,\u001b[90m\n\u001b[31m+     108,\u001b[90m\n\u001b[31m+     108,\u001b[90m\n\u001b[31m+     34,\u001b[90m\n\u001b[31m+     58,\u001b[90m\n\u001b[31m+     123,\u001b[90m\n\u001b[31m+     34,\u001b[90m\n\u001b[31m+     50,\u001b[90m\n\u001b[31m+     52,\u001b[90m\n\u001b[31m+     104,\u001b[90m\n\u001b[31m+     34,\u001b[90m\n\u001b[31m+     58,\u001b[90m\n\u001b[31m+     123,\u001b[90m\n\u001b[31m+     34,\u001b[90m\n\u001b[31m+     105,\u001b[90m\n\u001b[31m+     116,\u001b[90m\n\u001b[31m+     101,\u001b[90m\n\u001b[31m+     109,\u001b[90m\n\u001b[31m+     115,\u001b[90m\n\u001b[31m+     34,\u001b[90m\n\u001b[31m+     58,\u001b[90m\n\u001b[31m+     91,\u001b[90m\n\u001b[31m+     123,\u001b[90m\n\u001b[31m+     34,\u001b[90m\n\u001b[31m+     114,\u001b[90m\n\u001b[31m+     97,\u001b[90m\n\u001b[31m+     110,\u001b[90m\n\u001b[31m+     107,\u001b[90m\n\u001b[31m+     34,\u001b[90m\n\u001b[31m+     58,\u001b[90m\n\u001b[31m+     49,\u001b[90m\n\u001b[31m+     44,\u001b[90m\n\u001b[31m+     34,\u001b[90m\n\u001b[31m+     105,\u001b[90m\n\u001b[31m+     100,\u001b[90m\n\u001b[31m+     34,\u001b[90m\n\u001b[31m+     58,\u001b[90m\n\u001b[31m+     34,\u001b[90m\n\u001b[31m+     115,\u001b[90m\n\u001b[31m+     109,\u001b[90m\n\u001b[31m+     49,\u001b[90m\n\u001b[31m+     50,\u001b[90m\n\u001b[31m+     51,\u001b[90m\n\u001b[31m+     34,\u001b[90m\n\u001b[31m+     44,\u001b[90m\n\u001b[31m+     34,\u001b[90m\n\u001b[31m+     116,\u001b[90m\n\u001b[31m+     105,\u001b[90m\n\u001b[31m+     116,\u001b[90m\n\u001b[31m+     108,\u001b[90m\n\u001b[31m+     101,\u001b[90m\n\u001b[31m+     34,\u001b[90m\n\u001b[31m+     58,\u001b[90m\n\u001b[31m+     34,\u001b[90m\n\u001b[31m+     84,\u001b[90m\n\u001b[31m+     101,\u001b[90m\n\u001b[31m+     115,\u001b[90m\n\u001b[31m+     116,\u001b[90m\n\u001b[31m+     32,\u001b[90m\n\u001b[31m+     86,\u001b[90m\n\u001b[31m+     105,\u001b[90m\n\u001b[31m+     100,\u001b[90m\n\u001b[31m+     101,\u001b[90m\n\u001b[31m+     111,\u001b[90m\n\u001b[31m+     34,\u001b[90m\n\u001b[31m+     44,\u001b[90m\n\u001b[31m+     34,\u001b[90m\n\u001b[31m+     116,\u001b[90m\n\u001b[31m+     104,\u001b[90m\n\u001b[31m+     117,\u001b[90m\n\u001b[31m+     109,\u001b[90m\n\u001b[31m+     98,\u001b[90m\n\u001b[31m+     85,\u001b[90m\n\u001b[31m+     82,\u001b[90m\n\u001b[31m+     76,\u001b[90m\n\u001b[31m+     34,\u001b[90m\n\u001b[31m+     58,\u001b[90m\n\u001b[31m+     34,\u001b[90m\n\u001b[31m+     117,\u001b[90m\n\u001b[31m+     114,\u001b[90m\n\u001b[31m+     108,\u001b[90m\n\u001b[31m+     34,\u001b[90m\n\u001b[31m+     44,\u001b[90m\n\u001b[31m+     34,\u001b[90m\n\u001b[31m+     118,\u001b[90m\n\u001b[31m+     105,\u001b[90m\n\u001b[31m+     101,\u001b[90m\n\u001b[31m+     119,\u001b[90m\n\u001b[31m+     115,\u001b[90m\n\u001b[31m+     34,\u001b[90m\n\u001b[31m+     58,\u001b[90m\n\u001b[31m+     49,\u001b[90m\n\u001b[31m+     48,\u001b[90m\n\u001b[31m+     48,\u001b[90m\n\u001b[31m+     48,\u001b[90m\n\u001b[31m+     125,\u001b[90m\n\u001b[31m+     93,\u001b[90m\n\u001b[31m+     44,\u001b[90m\n\u001b[31m+     34,\u001b[90m\n\u001b[31m+     112,\u001b[90m\n\u001b[31m+     111,\u001b[90m\n\u001b[31m+     112,\u001b[90m\n\u001b[31m+     117,\u001b[90m\n\u001b[31m+     108,\u001b[90m\n\u001b[31m+     97,\u001b[90m\n\u001b[31m+     114,\u001b[90m\n\u001b[31m+     84,\u001b[90m\n\u001b[31m+     97,\u001b[90m\n\u001b[31m+     103,\u001b[90m\n\u001b[31m+     115,\u001b[90m\n\u001b[31m+     34,\u001b[90m\n\u001b[31m+     58,\u001b[90m\n\u001b[31m+     91,\u001b[90m\n\u001b[31m+     34,\u001b[90m\n\u001b[31m+     116,\u001b[90m\n\u001b[31m+     97,\u001b[90m\n\u001b[31m+     103,\u001b[90m\n\u001b[31m+     49,\u001b[90m\n\u001b[31m+     34,\u001b[90m\n\u001b[31m+     44,\u001b[90m\n\u001b[31m+     34,\u001b[90m\n\u001b[31m+     116,\u001b[90m\n\u001b[31m+     97,\u001b[90m\n\u001b[31m+     103,\u001b[90m\n\u001b[31m+     50,\u001b[90m\n\u001b[31m+     34,\u001b[90m\n\u001b[31m+     93,\u001b[90m\n\u001b[31m+     125,\u001b[90m\n\u001b[31m+     44,\u001b[90m\n\u001b[31m+     34,\u001b[90m\n\u001b[31m+     104,\u001b[90m\n\u001b[31m+     111,\u001b[90m\n\u001b[31m+     117,\u001b[90m\n\u001b[31m+     114,\u001b[90m\n\u001b[31m+     34,\u001b[90m\n\u001b[31m+     58,\u001b[90m\n\u001b[31m+     123,\u001b[90m\n\u001b[31m+     34,\u001b[90m\n\u001b[31m+     105,\u001b[90m\n\u001b[31m+     116,\u001b[90m\n\u001b[31m+     101,\u001b[90m\n\u001b[31m+     109,\u001b[90m\n\u001b[31m+     115,\u001b[90m\n\u001b[31m+     34,\u001b[90m\n\u001b[31m+     58,\u001b[90m\n\u001b[31m+     91,\u001b[90m\n\u001b[31m+     123,\u001b[90m\n\u001b[31m+     34,\u001b[90m\n\u001b[31m+     114,\u001b[90m\n\u001b[31m+     97,\u001b[90m\n\u001b[31m+     110,\u001b[90m\n\u001b[31m+     107,\u001b[90m\n\u001b[31m+     34,\u001b[90m\n\u001b[31m+     58,\u001b[90m\n\u001b[31m+     49,\u001b[90m\n\u001b[31m+     44,\u001b[90m\n\u001b[31m+     34,\u001b[90m\n\u001b[31m+     105,\u001b[90m\n\u001b[31m+     100,\u001b[90m\n\u001b[31m+     34,\u001b[90m\n\u001b[31m+     58,\u001b[90m\n\u001b[31m+     34,\u001b[90m\n\u001b[31m+     115,\u001b[90m\n\u001b[31m+     109,\u001b[90m\n\u001b[31m+     52,\u001b[90m\n\u001b[31m+     53,\u001b[90m\n\u001b[31m+     54,\u001b[90m\n\u001b[31m+     34,\u001b[90m\n\u001b[31m+     44,\u001b[90m\n\u001b[31m+     34,\u001b[90m\n\u001b[31m+     116,\u001b[90m\n\u001b[31m+     105,\u001b[90m\n\u001b[31m+     116,\u001b[90m\n\u001b[31m+     108,\u001b[90m\n\u001b[31m+     101,\u001b[90m\n\u001b[31m+     34,\u001b[90m\n\u001b[31m+     58,\u001b[90m\n\u001b[31m+     34,\u001b[90m\n\u001b[31m+     84,\u001b[90m\n\u001b[31m+     101,\u001b[90m\n\u001b[31m+     115,\u001b[90m\n\u001b[31m+     116,\u001b[90m\n\u001b[31m+     32,\u001b[90m\n\u001b[31m+     86,\u001b[90m\n\u001b[31m+     105,\u001b[90m\n\u001b[31m+     100,\u001b[90m\n\u001b[31m+     101,\u001b[90m\n\u001b[31m+     111,\u001b[90m\n\u001b[31m+     32,\u001b[90m\n\u001b[31m+     50,\u001b[90m\n\u001b[31m+     34,\u001b[90m\n\u001b[31m+     44,\u001b[90m\n\u001b[31m+     34,\u001b[90m\n\u001b[31m+     116,\u001b[90m\n\u001b[31m+     104,\u001b[90m\n\u001b[31m+     117,\u001b[90m\n\u001b[31m+     109,\u001b[90m\n\u001b[31m+     98,\u001b[90m\n\u001b[31m+     85,\u001b[90m\n\u001b[31m+     82,\u001b[90m\n\u001b[31m+     76,\u001b[90m\n\u001b[31m+     34,\u001b[90m\n\u001b[31m+     58,\u001b[90m\n\u001b[31m+     34,\u001b[90m\n\u001b[31m+     117,\u001b[90m\n\u001b[31m+     114,\u001b[90m\n\u001b[31m+     108,\u001b[90m\n\u001b[31m+     50,\u001b[90m\n\u001b[31m+     34,\u001b[90m\n\u001b[31m+     44,\u001b[90m\n\u001b[31m+     34,\u001b[90m\n\u001b[31m+     118,\u001b[90m\n\u001b[31m+     105,\u001b[90m\n\u001b[31m+     101,\u001b[90m\n\u001b[31m+     119,\u001b[90m\n\u001b[31m+     115,\u001b[90m\n\u001b[31m+     34,\u001b[90m\n\u001b[31m+     58,\u001b[90m\n\u001b[31m+     53,\u001b[90m\n\u001b[31m+     48,\u001b[90m\n\u001b[31m+     48,\u001b[90m\n\u001b[31m+     125,\u001b[90m\n\u001b[31m+     93,\u001b[90m\n\u001b[31m+     44,\u001b[90m\n\u001b[31m+     34,\u001b[90m\n\u001b[31m+     112,\u001b[90m\n\u001b[31m+     111,\u001b[90m\n\u001b[31m+     112,\u001b[90m\n\u001b[31m+     117,\u001b[90m\n\u001b[31m+     108,\u001b[90m\n\u001b[31m+     97,\u001b[90m\n\u001b[31m+     114,\u001b[90m\n\u001b[31m+     84,\u001b[90m\n\u001b[31m+     97,\u001b[90m\n\u001b[31m+     103,\u001b[90m\n\u001b[31m+     115,\u001b[90m\n\u001b[31m+     34,\u001b[90m\n\u001b[31m+     58,\u001b[90m\n\u001b[31m+     91,\u001b[90m\n\u001b[31m+     34,\u001b[90m\n\u001b[31m+     116,\u001b[90m\n\u001b[31m+     97,\u001b[90m\n\u001b[31m+     103,\u001b[90m\n\u001b[31m+     51,\u001b[90m\n\u001b[31m+     34,\u001b[90m\n\u001b[31m+     93,\u001b[90m\n\u001b[31m+     125,\u001b[90m\n\u001b[31m+     125,\u001b[90m\n\u001b[31m+     125,\u001b[90m\n\u001b[31m+     44,\u001b[90m\n\u001b[31m+     34,\u001b[90m\n\u001b[31m+     109,\u001b[90m\n\u001b[31m+     101,\u001b[90m\n\u001b[31m+     116,\u001b[90m\n\u001b[31m+     97,\u001b[90m\n\u001b[31m+     100,\u001b[90m\n\u001b[31m+     97,\u001b[90m\n\u001b[31m+     116,\u001b[90m\n\u001b[31m+     97,\u001b[90m\n\u001b[31m+     34,\u001b[90m\n\u001b[31m+     58,\u001b[90m\n\u001b[31m+     123,\u001b[90m\n\u001b[31m+     34,\u001b[90m\n\u001b[31m+     118,\u001b[90m\n\u001b[31m+     101,\u001b[90m\n\u001b[31m+     114,\u001b[90m\n\u001b[31m+     115,\u001b[90m\n\u001b[31m+     105,\u001b[90m\n\u001b[31m+     111,\u001b[90m\n\u001b[31m+     110,\u001b[90m\n\u001b[31m+     34,\u001b[90m\n\u001b[31m+     58,\u001b[90m\n\u001b[31m+     49,\u001b[90m\n\u001b[31m+     44,\u001b[90m\n\u001b[31m+     34,\u001b[90m\n\u001b[31m+     117,\u001b[90m\n\u001b[31m+     112,\u001b[90m\n\u001b[31m+     100,\u001b[90m\n\u001b[31m+     97,\u001b[90m\n\u001b[31m+     116,\u001b[90m\n\u001b[31m+     101,\u001b[90m\n\u001b[31m+     100,\u001b[90m\n\u001b[31m+     65,\u001b[90m\n\u001b[31m+     116,\u001b[90m\n\u001b[31m+     34,\u001b[90m\n\u001b[31m+     58,\u001b[90m\n\u001b[31m+     34,\u001b[90m\n\u001b[31m+     50,\u001b[90m\n\u001b[31m+     48,\u001b[90m\n\u001b[31m+     50,\u001b[90m\n\u001b[31m+     52,\u001b[90m\n\u001b[31m+     45,\u001b[90m\n\u001b[31m+     48,\u001b[90m\n\u001b[31m+     49,\u001b[90m\n\u001b[31m+     45,\u001b[90m\n\u001b[31m+     48,\u001b[90m\n\u001b[31m+     49,\u001b[90m\n\u001b[31m+     84,\u001b[90m\n\u001b[31m+     48,\u001b[90m\n\u001b[31m+     48,\u001b[90m\n\u001b[31m+     58,\u001b[90m\n\u001b[31m+     48,\u001b[90m\n\u001b[31m+     48,\u001b[90m\n\u001b[31m+     58,\u001b[90m\n\u001b[31m+     48,\u001b[90m\n\u001b[31m+     48,\u001b[90m\n\u001b[31m+     90,\u001b[90m\n\u001b[31m+     34,\u001b[90m\n\u001b[31m+     44,\u001b[90m\n\u001b[31m+     34,\u001b[90m\n\u001b[31m+     116,\u001b[90m\n\u001b[31m+     111,\u001b[90m\n\u001b[31m+     116,\u001b[90m\n\u001b[31m+     97,\u001b[90m\n\u001b[31m+     108,\u001b[90m\n\u001b[31m+     73,\u001b[90m\n\u001b[31m+     116,\u001b[90m\n\u001b[31m+     101,\u001b[90m\n\u001b[31m+     109,\u001b[90m\n\u001b[31m+     115,\u001b[90m\n\u001b[31m+     34,\u001b[90m\n\u001b[31m+     58,\u001b[90m\n\u001b[31m+     50,\u001b[90m\n\u001b[31m+     125,\u001b[90m\n\u001b[31m+     125,\u001b[90m\n\u001b[31m+   ],\u001b[90m\n\u001b[2m    {\u001b[22m\n\u001b[2m      \"metadata\": {\u001b[22m\n\u001b[2m        \"compressed\": true,\u001b[22m\n\u001b[2m        \"updatedAt\": \"2024-01-01T00:00:00Z\",\u001b[22m\n\u001b[2m        \"version\": 1,\u001b[22m\n\u001b[39m\u001b[90m\n\nNumber of calls: \u001b[1m1\u001b[22m\n\u001b[39m\n    at Proxy.<anonymous> (file:///home/hdyk/workspace/nico-ranking-new/node_modules/@vitest/expect/dist/index.js:1346:10)\n    at Proxy.<anonymous> (file:///home/hdyk/workspace/nico-ranking-new/node_modules/@vitest/expect/dist/index.js:1022:14)\n    at Proxy.methodWrapper (file:///home/hdyk/workspace/nico-ranking-new/node_modules/chai/chai.js:1618:25)\n    at /home/hdyk/workspace/nico-ranking-new/__tests__/unit/cloudflare-kv-extended.test.ts:102:26\n    at processTicksAndRejections (node:internal/process/task_queues:105:5)\n    at file:///home/hdyk/workspace/nico-ranking-new/node_modules/@vitest/runner/dist/chunk-hooks.js:752:20"],"meta":{}},{"ancestorTitles":["cloudflare-kv.ts - Extended Coverage","setRankingToKV"],"fullName":"cloudflare-kv.ts - Extended Coverage setRankingToKV KV namespaceが利用できない場合エラーをスロー","status":"passed","title":"KV namespaceが利用できない場合エラーをスロー","duration":1.1462950000000092,"failureMessages":[],"meta":{}},{"ancestorTitles":["cloudflare-kv.ts - Extended Coverage","setRankingToKV"],"fullName":"cloudflare-kv.ts - Extended Coverage setRankingToKV メタデータがない場合、デフォルト値を使用","status":"failed","title":"メタデータがない場合、デフォルト値を使用","duration":2.054862000000071,"failureMessages":["AssertionError: expected \"spy\" to be called with arguments: [ 'RANKING_LATEST', …(2) ]\u001b[90m\n\nReceived: \n\n\u001b[1m  1st spy call:\n\n\u001b[22m\u001b[2m  [\u001b[22m\n\u001b[2m    \"RANKING_LATEST\",\u001b[22m\n\u001b[32m-   Any<Uint8Array>,\u001b[90m\n\u001b[31m+   Uint8Array [\u001b[90m\n\u001b[31m+     123,\u001b[90m\n\u001b[31m+     34,\u001b[90m\n\u001b[31m+     103,\u001b[90m\n\u001b[31m+     101,\u001b[90m\n\u001b[31m+     110,\u001b[90m\n\u001b[31m+     114,\u001b[90m\n\u001b[31m+     101,\u001b[90m\n\u001b[31m+     115,\u001b[90m\n\u001b[31m+     34,\u001b[90m\n\u001b[31m+     58,\u001b[90m\n\u001b[31m+     123,\u001b[90m\n\u001b[31m+     34,\u001b[90m\n\u001b[31m+     97,\u001b[90m\n\u001b[31m+     108,\u001b[90m\n\u001b[31m+     108,\u001b[90m\n\u001b[31m+     34,\u001b[90m\n\u001b[31m+     58,\u001b[90m\n\u001b[31m+     123,\u001b[90m\n\u001b[31m+     34,\u001b[90m\n\u001b[31m+     50,\u001b[90m\n\u001b[31m+     52,\u001b[90m\n\u001b[31m+     104,\u001b[90m\n\u001b[31m+     34,\u001b[90m\n\u001b[31m+     58,\u001b[90m\n\u001b[31m+     123,\u001b[90m\n\u001b[31m+     34,\u001b[90m\n\u001b[31m+     105,\u001b[90m\n\u001b[31m+     116,\u001b[90m\n\u001b[31m+     101,\u001b[90m\n\u001b[31m+     109,\u001b[90m\n\u001b[31m+     115,\u001b[90m\n\u001b[31m+     34,\u001b[90m\n\u001b[31m+     58,\u001b[90m\n\u001b[31m+     91,\u001b[90m\n\u001b[31m+     123,\u001b[90m\n\u001b[31m+     34,\u001b[90m\n\u001b[31m+     114,\u001b[90m\n\u001b[31m+     97,\u001b[90m\n\u001b[31m+     110,\u001b[90m\n\u001b[31m+     107,\u001b[90m\n\u001b[31m+     34,\u001b[90m\n\u001b[31m+     58,\u001b[90m\n\u001b[31m+     49,\u001b[90m\n\u001b[31m+     44,\u001b[90m\n\u001b[31m+     34,\u001b[90m\n\u001b[31m+     105,\u001b[90m\n\u001b[31m+     100,\u001b[90m\n\u001b[31m+     34,\u001b[90m\n\u001b[31m+     58,\u001b[90m\n\u001b[31m+     34,\u001b[90m\n\u001b[31m+     115,\u001b[90m\n\u001b[31m+     109,\u001b[90m\n\u001b[31m+     49,\u001b[90m\n\u001b[31m+     50,\u001b[90m\n\u001b[31m+     51,\u001b[90m\n\u001b[31m+     34,\u001b[90m\n\u001b[31m+     44,\u001b[90m\n\u001b[31m+     34,\u001b[90m\n\u001b[31m+     116,\u001b[90m\n\u001b[31m+     105,\u001b[90m\n\u001b[31m+     116,\u001b[90m\n\u001b[31m+     108,\u001b[90m\n\u001b[31m+     101,\u001b[90m\n\u001b[31m+     34,\u001b[90m\n\u001b[31m+     58,\u001b[90m\n\u001b[31m+     34,\u001b[90m\n\u001b[31m+     84,\u001b[90m\n\u001b[31m+     101,\u001b[90m\n\u001b[31m+     115,\u001b[90m\n\u001b[31m+     116,\u001b[90m\n\u001b[31m+     32,\u001b[90m\n\u001b[31m+     86,\u001b[90m\n\u001b[31m+     105,\u001b[90m\n\u001b[31m+     100,\u001b[90m\n\u001b[31m+     101,\u001b[90m\n\u001b[31m+     111,\u001b[90m\n\u001b[31m+     34,\u001b[90m\n\u001b[31m+     44,\u001b[90m\n\u001b[31m+     34,\u001b[90m\n\u001b[31m+     116,\u001b[90m\n\u001b[31m+     104,\u001b[90m\n\u001b[31m+     117,\u001b[90m\n\u001b[31m+     109,\u001b[90m\n\u001b[31m+     98,\u001b[90m\n\u001b[31m+     85,\u001b[90m\n\u001b[31m+     82,\u001b[90m\n\u001b[31m+     76,\u001b[90m\n\u001b[31m+     34,\u001b[90m\n\u001b[31m+     58,\u001b[90m\n\u001b[31m+     34,\u001b[90m\n\u001b[31m+     117,\u001b[90m\n\u001b[31m+     114,\u001b[90m\n\u001b[31m+     108,\u001b[90m\n\u001b[31m+     34,\u001b[90m\n\u001b[31m+     44,\u001b[90m\n\u001b[31m+     34,\u001b[90m\n\u001b[31m+     118,\u001b[90m\n\u001b[31m+     105,\u001b[90m\n\u001b[31m+     101,\u001b[90m\n\u001b[31m+     119,\u001b[90m\n\u001b[31m+     115,\u001b[90m\n\u001b[31m+     34,\u001b[90m\n\u001b[31m+     58,\u001b[90m\n\u001b[31m+     49,\u001b[90m\n\u001b[31m+     48,\u001b[90m\n\u001b[31m+     48,\u001b[90m\n\u001b[31m+     48,\u001b[90m\n\u001b[31m+     125,\u001b[90m\n\u001b[31m+     93,\u001b[90m\n\u001b[31m+     44,\u001b[90m\n\u001b[31m+     34,\u001b[90m\n\u001b[31m+     112,\u001b[90m\n\u001b[31m+     111,\u001b[90m\n\u001b[31m+     112,\u001b[90m\n\u001b[31m+     117,\u001b[90m\n\u001b[31m+     108,\u001b[90m\n\u001b[31m+     97,\u001b[90m\n\u001b[31m+     114,\u001b[90m\n\u001b[31m+     84,\u001b[90m\n\u001b[31m+     97,\u001b[90m\n\u001b[31m+     103,\u001b[90m\n\u001b[31m+     115,\u001b[90m\n\u001b[31m+     34,\u001b[90m\n\u001b[31m+     58,\u001b[90m\n\u001b[31m+     91,\u001b[90m\n\u001b[31m+     34,\u001b[90m\n\u001b[31m+     116,\u001b[90m\n\u001b[31m+     97,\u001b[90m\n\u001b[31m+     103,\u001b[90m\n\u001b[31m+     49,\u001b[90m\n\u001b[31m+     34,\u001b[90m\n\u001b[31m+     44,\u001b[90m\n\u001b[31m+     34,\u001b[90m\n\u001b[31m+     116,\u001b[90m\n\u001b[31m+     97,\u001b[90m\n\u001b[31m+     103,\u001b[90m\n\u001b[31m+     50,\u001b[90m\n\u001b[31m+     34,\u001b[90m\n\u001b[31m+     93,\u001b[90m\n\u001b[31m+     125,\u001b[90m\n\u001b[31m+     44,\u001b[90m\n\u001b[31m+     34,\u001b[90m\n\u001b[31m+     104,\u001b[90m\n\u001b[31m+     111,\u001b[90m\n\u001b[31m+     117,\u001b[90m\n\u001b[31m+     114,\u001b[90m\n\u001b[31m+     34,\u001b[90m\n\u001b[31m+     58,\u001b[90m\n\u001b[31m+     123,\u001b[90m\n\u001b[31m+     34,\u001b[90m\n\u001b[31m+     105,\u001b[90m\n\u001b[31m+     116,\u001b[90m\n\u001b[31m+     101,\u001b[90m\n\u001b[31m+     109,\u001b[90m\n\u001b[31m+     115,\u001b[90m\n\u001b[31m+     34,\u001b[90m\n\u001b[31m+     58,\u001b[90m\n\u001b[31m+     91,\u001b[90m\n\u001b[31m+     123,\u001b[90m\n\u001b[31m+     34,\u001b[90m\n\u001b[31m+     114,\u001b[90m\n\u001b[31m+     97,\u001b[90m\n\u001b[31m+     110,\u001b[90m\n\u001b[31m+     107,\u001b[90m\n\u001b[31m+     34,\u001b[90m\n\u001b[31m+     58,\u001b[90m\n\u001b[31m+     49,\u001b[90m\n\u001b[31m+     44,\u001b[90m\n\u001b[31m+     34,\u001b[90m\n\u001b[31m+     105,\u001b[90m\n\u001b[31m+     100,\u001b[90m\n\u001b[31m+     34,\u001b[90m\n\u001b[31m+     58,\u001b[90m\n\u001b[31m+     34,\u001b[90m\n\u001b[31m+     115,\u001b[90m\n\u001b[31m+     109,\u001b[90m\n\u001b[31m+     52,\u001b[90m\n\u001b[31m+     53,\u001b[90m\n\u001b[31m+     54,\u001b[90m\n\u001b[31m+     34,\u001b[90m\n\u001b[31m+     44,\u001b[90m\n\u001b[31m+     34,\u001b[90m\n\u001b[31m+     116,\u001b[90m\n\u001b[31m+     105,\u001b[90m\n\u001b[31m+     116,\u001b[90m\n\u001b[31m+     108,\u001b[90m\n\u001b[31m+     101,\u001b[90m\n\u001b[31m+     34,\u001b[90m\n\u001b[31m+     58,\u001b[90m\n\u001b[31m+     34,\u001b[90m\n\u001b[31m+     84,\u001b[90m\n\u001b[31m+     101,\u001b[90m\n\u001b[31m+     115,\u001b[90m\n\u001b[31m+     116,\u001b[90m\n\u001b[31m+     32,\u001b[90m\n\u001b[31m+     86,\u001b[90m\n\u001b[31m+     105,\u001b[90m\n\u001b[31m+     100,\u001b[90m\n\u001b[31m+     101,\u001b[90m\n\u001b[31m+     111,\u001b[90m\n\u001b[31m+     32,\u001b[90m\n\u001b[31m+     50,\u001b[90m\n\u001b[31m+     34,\u001b[90m\n\u001b[31m+     44,\u001b[90m\n\u001b[31m+     34,\u001b[90m\n\u001b[31m+     116,\u001b[90m\n\u001b[31m+     104,\u001b[90m\n\u001b[31m+     117,\u001b[90m\n\u001b[31m+     109,\u001b[90m\n\u001b[31m+     98,\u001b[90m\n\u001b[31m+     85,\u001b[90m\n\u001b[31m+     82,\u001b[90m\n\u001b[31m+     76,\u001b[90m\n\u001b[31m+     34,\u001b[90m\n\u001b[31m+     58,\u001b[90m\n\u001b[31m+     34,\u001b[90m\n\u001b[31m+     117,\u001b[90m\n\u001b[31m+     114,\u001b[90m\n\u001b[31m+     108,\u001b[90m\n\u001b[31m+     50,\u001b[90m\n\u001b[31m+     34,\u001b[90m\n\u001b[31m+     44,\u001b[90m\n\u001b[31m+     34,\u001b[90m\n\u001b[31m+     118,\u001b[90m\n\u001b[31m+     105,\u001b[90m\n\u001b[31m+     101,\u001b[90m\n\u001b[31m+     119,\u001b[90m\n\u001b[31m+     115,\u001b[90m\n\u001b[31m+     34,\u001b[90m\n\u001b[31m+     58,\u001b[90m\n\u001b[31m+     53,\u001b[90m\n\u001b[31m+     48,\u001b[90m\n\u001b[31m+     48,\u001b[90m\n\u001b[31m+     125,\u001b[90m\n\u001b[31m+     93,\u001b[90m\n\u001b[31m+     44,\u001b[90m\n\u001b[31m+     34,\u001b[90m\n\u001b[31m+     112,\u001b[90m\n\u001b[31m+     111,\u001b[90m\n\u001b[31m+     112,\u001b[90m\n\u001b[31m+     117,\u001b[90m\n\u001b[31m+     108,\u001b[90m\n\u001b[31m+     97,\u001b[90m\n\u001b[31m+     114,\u001b[90m\n\u001b[31m+     84,\u001b[90m\n\u001b[31m+     97,\u001b[90m\n\u001b[31m+     103,\u001b[90m\n\u001b[31m+     115,\u001b[90m\n\u001b[31m+     34,\u001b[90m\n\u001b[31m+     58,\u001b[90m\n\u001b[31m+     91,\u001b[90m\n\u001b[31m+     34,\u001b[90m\n\u001b[31m+     116,\u001b[90m\n\u001b[31m+     97,\u001b[90m\n\u001b[31m+     103,\u001b[90m\n\u001b[31m+     51,\u001b[90m\n\u001b[31m+     34,\u001b[90m\n\u001b[31m+     93,\u001b[90m\n\u001b[31m+     125,\u001b[90m\n\u001b[31m+     125,\u001b[90m\n\u001b[31m+     125,\u001b[90m\n\u001b[31m+     125,\u001b[90m\n\u001b[31m+   ],\u001b[90m\n\u001b[2m    {\u001b[22m\n\u001b[2m      \"metadata\": {\u001b[22m\n\u001b[2m        \"compressed\": true,\u001b[22m\n\u001b[32m-       \"updatedAt\": StringMatching /^\\d{4}-\\d{2}-\\d{2}T/,\u001b[90m\n\u001b[31m+       \"updatedAt\": \"2025-06-12T17:27:23.125Z\",\u001b[90m\n\u001b[2m        \"version\": 1,\u001b[22m\n\u001b[2m      },\u001b[22m\n\u001b[2m    },\u001b[22m\n\u001b[2m  ]\u001b[22m\n\u001b[39m\u001b[90m\n\nNumber of calls: \u001b[1m1\u001b[22m\n\u001b[39m\n    at Proxy.<anonymous> (file:///home/hdyk/workspace/nico-ranking-new/node_modules/@vitest/expect/dist/index.js:1346:10)\n    at Proxy.<anonymous> (file:///home/hdyk/workspace/nico-ranking-new/node_modules/@vitest/expect/dist/index.js:1022:14)\n    at Proxy.methodWrapper (file:///home/hdyk/workspace/nico-ranking-new/node_modules/chai/chai.js:1618:25)\n    at /home/hdyk/workspace/nico-ranking-new/__tests__/unit/cloudflare-kv-extended.test.ts:138:26\n    at processTicksAndRejections (node:internal/process/task_queues:105:5)\n    at file:///home/hdyk/workspace/nico-ranking-new/node_modules/@vitest/runner/dist/chunk-hooks.js:752:20"],"meta":{}},{"ancestorTitles":["cloudflare-kv.ts - Extended Coverage","getRankingFromKV"],"fullName":"cloudflare-kv.ts - Extended Coverage getRankingFromKV Worker環境でKVから正しく読み込む","status":"passed","title":"Worker環境でKVから正しく読み込む","duration":0.5420669999999745,"failureMessages":[],"meta":{}},{"ancestorTitles":["cloudflare-kv.ts - Extended Coverage","getRankingFromKV"],"fullName":"cloudflare-kv.ts - Extended Coverage getRankingFromKV データが存在しない場合nullを返す","status":"passed","title":"データが存在しない場合nullを返す","duration":0.2670939999999291,"failureMessages":[],"meta":{}},{"ancestorTitles":["cloudflare-kv.ts - Extended Coverage","getRankingFromKV"],"fullName":"cloudflare-kv.ts - Extended Coverage getRankingFromKV REST API経由でデータを取得（Worker環境外）","status":"passed","title":"REST API経由でデータを取得（Worker環境外）","duration":0.8373520000000099,"failureMessages":[],"meta":{}},{"ancestorTitles":["cloudflare-kv.ts - Extended Coverage","getRankingFromKV"],"fullName":"cloudflare-kv.ts - Extended Coverage getRankingFromKV REST APIで認証情報がない場合nullを返す","status":"passed","title":"REST APIで認証情報がない場合nullを返す","duration":0.15298799999993662,"failureMessages":[],"meta":{}},{"ancestorTitles":["cloudflare-kv.ts - Extended Coverage","getRankingFromKV"],"fullName":"cloudflare-kv.ts - Extended Coverage getRankingFromKV REST APIでエラーが発生した場合nullを返す","status":"passed","title":"REST APIでエラーが発生した場合nullを返す","duration":0.20350300000006882,"failureMessages":[],"meta":{}},{"ancestorTitles":["cloudflare-kv.ts - Extended Coverage","getRankingFromKV"],"fullName":"cloudflare-kv.ts - Extended Coverage getRankingFromKV 圧縮されていないデータも処理できる","status":"failed","title":"圧縮されていないデータも処理できる","duration":0.796530999999959,"failureMessages":["TypeError: The \"list\" argument must be an instance of SharedArrayBuffer, ArrayBuffer or ArrayBufferView.\n    at TextDecoder.decode (node:internal/encoding:447:16)\n    at Module.getRankingFromKV (/home/hdyk/workspace/nico-ranking-new/lib/cloudflare-kv.ts:110:41)\n    at processTicksAndRejections (node:internal/process/task_queues:105:5)\n    at /home/hdyk/workspace/nico-ranking-new/__tests__/unit/cloudflare-kv-extended.test.ts:258:22\n    at file:///home/hdyk/workspace/nico-ranking-new/node_modules/@vitest/runner/dist/chunk-hooks.js:752:20"],"meta":{}},{"ancestorTitles":["cloudflare-kv.ts - Extended Coverage","getGenreRanking"],"fullName":"cloudflare-kv.ts - Extended Coverage getGenreRanking 特定ジャンルのランキングデータを取得","status":"failed","title":"特定ジャンルのランキングデータを取得","duration":1.5614679999999908,"failureMessages":["AssertionError: expected { items: [ { rank: 1, …(4) } ], …(2) } to deeply equal { items: [ { rank: 1, …(4) } ], …(1) }\n    at /home/hdyk/workspace/nico-ranking-new/__tests__/unit/cloudflare-kv-extended.test.ts:277:22\n    at processTicksAndRejections (node:internal/process/task_queues:105:5)\n    at file:///home/hdyk/workspace/nico-ranking-new/node_modules/@vitest/runner/dist/chunk-hooks.js:752:20"],"meta":{}},{"ancestorTitles":["cloudflare-kv.ts - Extended Coverage","getGenreRanking"],"fullName":"cloudflare-kv.ts - Extended Coverage getGenreRanking 存在しないジャンルの場合nullを返す","status":"passed","title":"存在しないジャンルの場合nullを返す","duration":3.3668989999999894,"failureMessages":[],"meta":{}},{"ancestorTitles":["cloudflare-kv.ts - Extended Coverage","getGenreRanking"],"fullName":"cloudflare-kv.ts - Extended Coverage getGenreRanking タグ指定時のデータも取得できる","status":"failed","title":"タグ指定時のデータも取得できる","duration":1.0945629999999937,"failureMessages":["AssertionError: expected { items: [ { rank: 1, …(4) } ], …(3) } to deeply equal { items: [ { rank: 1, …(4) } ], …(1) }\n    at /home/hdyk/workspace/nico-ranking-new/__tests__/unit/cloudflare-kv-extended.test.ts:327:22\n    at processTicksAndRejections (node:internal/process/task_queues:105:5)\n    at file:///home/hdyk/workspace/nico-ranking-new/node_modules/@vitest/runner/dist/chunk-hooks.js:752:20"],"meta":{}},{"ancestorTitles":["cloudflare-kv.ts - Extended Coverage","getGenreRanking"],"fullName":"cloudflare-kv.ts - Extended Coverage getGenreRanking エラー時はエラーをスローせずnullを返す","status":"failed","title":"エラー時はエラーをスローせずnullを返す","duration":0.44848000000001775,"failureMessages":["Error: KV Error\n    at /home/hdyk/workspace/nico-ranking-new/__tests__/unit/cloudflare-kv-extended.test.ts:335:52\n    at file:///home/hdyk/workspace/nico-ranking-new/node_modules/@vitest/runner/dist/chunk-hooks.js:155:11\n    at file:///home/hdyk/workspace/nico-ranking-new/node_modules/@vitest/runner/dist/chunk-hooks.js:752:26\n    at file:///home/hdyk/workspace/nico-ranking-new/node_modules/@vitest/runner/dist/chunk-hooks.js:1894:20\n    at new Promise (<anonymous>)\n    at runWithTimeout (file:///home/hdyk/workspace/nico-ranking-new/node_modules/@vitest/runner/dist/chunk-hooks.js:1860:10)\n    at runTest (file:///home/hdyk/workspace/nico-ranking-new/node_modules/@vitest/runner/dist/chunk-hooks.js:1571:12)\n    at processTicksAndRejections (node:internal/process/task_queues:105:5)\n    at runSuite (file:///home/hdyk/workspace/nico-ranking-new/node_modules/@vitest/runner/dist/chunk-hooks.js:1726:8)\n    at runSuite (file:///home/hdyk/workspace/nico-ranking-new/node_modules/@vitest/runner/dist/chunk-hooks.js:1726:8)"],"meta":{}},{"ancestorTitles":["cloudflare-kv.ts - Extended Coverage","エッジケース"],"fullName":"cloudflare-kv.ts - Extended Coverage エッジケース 空のランキングデータも正しく処理","status":"passed","title":"空のランキングデータも正しく処理","duration":0.37076700000000073,"failureMessages":[],"meta":{}},{"ancestorTitles":["cloudflare-kv.ts - Extended Coverage","エッジケース"],"fullName":"cloudflare-kv.ts - Extended Coverage エッジケース メタデータの型変換を正しく処理","status":"passed","title":"メタデータの型変換を正しく処理","duration":0.3339089999999487,"failureMessages":[],"meta":{}}],"startTime":1749749243079,"endTime":1749749243136.3708,"status":"failed","message":"","name":"/home/hdyk/workspace/nico-ranking-new/__tests__/unit/cloudflare-kv-extended.test.ts"},{"assertionResults":[{"ancestorTitles":["Cloudflare Workers Optimization Tests","Response Compression"],"fullName":"Cloudflare Workers Optimization Tests Response Compression should compress JSON responses with gzip","status":"passed","title":"should compress JSON responses with gzip","duration":9.741082000000006,"failureMessages":[],"meta":{}},{"ancestorTitles":["Cloudflare Workers Optimization Tests","Response Compression"],"fullName":"Cloudflare Workers Optimization Tests Response Compression should not compress small responses","status":"passed","title":"should not compress small responses","duration":0.1672560000000658,"failureMessages":[],"meta":{}},{"ancestorTitles":["Cloudflare Workers Optimization Tests","Response Compression"],"fullName":"Cloudflare Workers Optimization Tests Response Compression should add Vary header for compressed responses","status":"passed","title":"should add Vary header for compressed responses","duration":0.6288240000000087,"failureMessages":[],"meta":{}},{"ancestorTitles":["Cloudflare Workers Optimization Tests","Cache Tag Management"],"fullName":"Cloudflare Workers Optimization Tests Cache Tag Management should add cache tags to response headers","status":"passed","title":"should add cache tags to response headers","duration":0.6580559999999878,"failureMessages":[],"meta":{}},{"ancestorTitles":["Cloudflare Workers Optimization Tests","Cache Tag Management"],"fullName":"Cloudflare Workers Optimization Tests Cache Tag Management should support hierarchical cache invalidation","status":"passed","title":"should support hierarchical cache invalidation","duration":0.4578400000000329,"failureMessages":[],"meta":{}},{"ancestorTitles":["Cloudflare Workers Optimization Tests","Request Coalescing"],"fullName":"Cloudflare Workers Optimization Tests Request Coalescing should coalesce identical concurrent requests","status":"passed","title":"should coalesce identical concurrent requests","duration":100.39165600000001,"failureMessages":[],"meta":{}},{"ancestorTitles":["Cloudflare Workers Optimization Tests","Tiered Caching"],"fullName":"Cloudflare Workers Optimization Tests Tiered Caching should set different cache headers for different tiers","status":"passed","title":"should set different cache headers for different tiers","duration":0.1861340000000382,"failureMessages":[],"meta":{}},{"ancestorTitles":["Cloudflare Workers Optimization Tests","Performance Metrics"],"fullName":"Cloudflare Workers Optimization Tests Performance Metrics should track cache hit rate","status":"passed","title":"should track cache hit rate","duration":0.10511600000006638,"failureMessages":[],"meta":{}},{"ancestorTitles":["Cloudflare Workers Optimization Tests","Performance Metrics"],"fullName":"Cloudflare Workers Optimization Tests Performance Metrics should track response times","status":"passed","title":"should track response times","duration":0.0828799999999319,"failureMessages":[],"meta":{}},{"ancestorTitles":["Cloudflare Workers Optimization Tests","Early Hints"],"fullName":"Cloudflare Workers Optimization Tests Early Hints should support 103 Early Hints for critical resources","status":"passed","title":"should support 103 Early Hints for critical resources","duration":0.12699900000006892,"failureMessages":[],"meta":{}},{"ancestorTitles":["Cloudflare Workers Optimization Tests","Static Asset Optimization"],"fullName":"Cloudflare Workers Optimization Tests Static Asset Optimization should set immutable cache for static assets","status":"passed","title":"should set immutable cache for static assets","duration":0.17189299999995455,"failureMessages":[],"meta":{}},{"ancestorTitles":["Cloudflare Workers Optimization Tests","Static Asset Optimization"],"fullName":"Cloudflare Workers Optimization Tests Static Asset Optimization should use edge cache for static assets","status":"passed","title":"should use edge cache for static assets","duration":1.45130400000005,"failureMessages":[],"meta":{}},{"ancestorTitles":["Cloudflare Workers Optimization Tests","Rate Limiting Optimization"],"fullName":"Cloudflare Workers Optimization Tests Rate Limiting Optimization should use different rate limits for different endpoints","status":"passed","title":"should use different rate limits for different endpoints","duration":0.16692199999999957,"failureMessages":[],"meta":{}},{"ancestorTitles":["Cloudflare Workers Optimization Tests","Rate Limiting Optimization"],"fullName":"Cloudflare Workers Optimization Tests Rate Limiting Optimization should implement burst protection","status":"passed","title":"should implement burst protection","duration":0.10763299999996434,"failureMessages":[],"meta":{}}],"startTime":1749749259232,"endTime":1749749259347.1077,"status":"passed","message":"","name":"/home/hdyk/workspace/nico-ranking-new/__tests__/unit/cloudflare-optimization.test.ts"},{"assertionResults":[{"ancestorTitles":["Cloudflare Workers Complete Tests","Basic Functionality"],"fullName":"Cloudflare Workers Complete Tests Basic Functionality should proxy homepage correctly","status":"passed","title":"should proxy homepage correctly","duration":1348.3533380000001,"failureMessages":[],"meta":{}},{"ancestorTitles":["Cloudflare Workers Complete Tests","Basic Functionality"],"fullName":"Cloudflare Workers Complete Tests Basic Functionality should proxy API endpoints","status":"passed","title":"should proxy API endpoints","duration":287.9514089999998,"failureMessages":[],"meta":{}},{"ancestorTitles":["Cloudflare Workers Complete Tests","Security Headers"],"fullName":"Cloudflare Workers Complete Tests Security Headers should include all required security headers","status":"passed","title":"should include all required security headers","duration":1007.3190950000003,"failureMessages":[],"meta":{}},{"ancestorTitles":["Cloudflare Workers Complete Tests","Performance"],"fullName":"Cloudflare Workers Complete Tests Performance should handle concurrent requests","status":"passed","title":"should handle concurrent requests","duration":3757.3830669999998,"failureMessages":[],"meta":{}}],"startTime":1749749243658,"endTime":1749749250060.383,"status":"passed","message":"","name":"/home/hdyk/workspace/nico-ranking-new/__tests__/unit/cloudflare-workers-complete.test.ts"},{"assertionResults":[{"ancestorTitles":["Compact Ranking Display"],"fullName":"Compact Ranking Display should display all ranking items in a uniform compact style","status":"passed","title":"should display all ranking items in a uniform compact style","duration":1.0966419999999744,"failureMessages":[],"meta":{}},{"ancestorTitles":["Compact Ranking Display"],"fullName":"Compact Ranking Display should display ranking numbers with a stylish design","status":"passed","title":"should display ranking numbers with a stylish design","duration":0.15695700000003399,"failureMessages":[],"meta":{}},{"ancestorTitles":["Compact Ranking Display"],"fullName":"Compact Ranking Display should show real-time stats with proper icons","status":"passed","title":"should show real-time stats with proper icons","duration":0.07519600000000537,"failureMessages":[],"meta":{}}],"startTime":1749749271351,"endTime":1749749271354.157,"status":"passed","message":"","name":"/home/hdyk/workspace/nico-ranking-new/__tests__/unit/compact-ranking.test.tsx"},{"assertionResults":[{"ancestorTitles":["fetchRanking with pagination"],"fullName":"fetchRanking with pagination should fetch 100 items per page (page 1 by default)","status":"passed","title":"should fetch 100 items per page (page 1 by default)","duration":4.379387999999949,"failureMessages":[],"meta":{}},{"ancestorTitles":["fetchRanking with pagination"],"fullName":"fetchRanking with pagination should fetch specific page when page parameter is provided","status":"passed","title":"should fetch specific page when page parameter is provided","duration":2.101360999999997,"failureMessages":[],"meta":{}},{"ancestorTitles":["fetchRanking with pagination"],"fullName":"fetchRanking with pagination should respect limit parameter when less than 100","status":"passed","title":"should respect limit parameter when less than 100","duration":0.9218190000000277,"failureMessages":[],"meta":{}}],"startTime":1749749266543,"endTime":1749749266550.9219,"status":"passed","message":"","name":"/home/hdyk/workspace/nico-ranking-new/__tests__/unit/complete-hybrid-scraper-pagination.test.ts"},{"assertionResults":[{"ancestorTitles":["complete-hybrid-scraper","fetchRanking"],"fullName":"complete-hybrid-scraper fetchRanking should fetch ranking with popular tags from trendTags","status":"passed","title":"should fetch ranking with popular tags from trendTags","duration":2.980882999999949,"failureMessages":[],"meta":{}},{"ancestorTitles":["complete-hybrid-scraper","fetchRanking"],"fullName":"complete-hybrid-scraper fetchRanking should fetch tag-specific ranking","status":"passed","title":"should fetch tag-specific ranking","duration":1.2232030000000123,"failureMessages":[],"meta":{}},{"ancestorTitles":["complete-hybrid-scraper","fetchRanking"],"fullName":"complete-hybrid-scraper fetchRanking should handle missing trendTags gracefully","status":"passed","title":"should handle missing trendTags gracefully","duration":0.9471950000000788,"failureMessages":[],"meta":{}},{"ancestorTitles":["complete-hybrid-scraper","fetchRanking"],"fullName":"complete-hybrid-scraper fetchRanking should handle empty ranking data","status":"passed","title":"should handle empty ranking data","duration":0.26493299999992814,"failureMessages":[],"meta":{}},{"ancestorTitles":["complete-hybrid-scraper","fetchRanking"],"fullName":"complete-hybrid-scraper fetchRanking should throw error when server-response meta tag is missing","status":"passed","title":"should throw error when server-response meta tag is missing","duration":0.8380900000000793,"failureMessages":[],"meta":{}},{"ancestorTitles":["complete-hybrid-scraper","fetchRanking"],"fullName":"complete-hybrid-scraper fetchRanking should throw error when fetch
[...]
ine":23,"column":58}},"23":{"start":{"line":24,"column":0},"end":{"line":24,"column":24}},"24":{"start":{"line":25,"column":0},"end":{"line":25,"column":26}},"25":{"start":{"line":26,"column":0},"end":{"line":26,"column":19}},"26":{"start":{"line":27,"column":0},"end":{"line":27,"column":9}},"27":{"start":{"line":28,"column":0},"end":{"line":28,"column":6}},"28":{"start":{"line":29,"column":0},"end":{"line":29,"column":24}},"29":{"start":{"line":30,"column":0},"end":{"line":30,"column":31}},"30":{"start":{"line":31,"column":0},"end":{"line":31,"column":12}},"31":{"start":{"line":32,"column":0},"end":{"line":32,"column":27}},"32":{"start":{"line":33,"column":0},"end":{"line":33,"column":25}},"33":{"start":{"line":34,"column":0},"end":{"line":34,"column":23}},"34":{"start":{"line":35,"column":0},"end":{"line":35,"column":3}},"35":{"start":{"line":36,"column":0},"end":{"line":36,"column":1}}},"s":{"0":0,"1":0,"3":0,"5":0,"6":0,"8":0,"10":0,"13":0,"14":0,"16":0,"17":0,"18":0,"19":0,"20":0,"21":0,"22":0,"23":0,"24":0,"25":0,"26":0,"27":0,"28":0,"29":0,"30":0,"31":0,"32":0,"33":0,"34":0,"35":0},"branchMap":{"0":{"type":"branch","line":1,"loc":{"start":{"line":1,"column":1008},"end":{"line":36,"column":1}},"locations":[{"start":{"line":1,"column":1008},"end":{"line":36,"column":1}}]}},"b":{"0":[0]},"fnMap":{"0":{"name":"(empty-report)","decl":{"start":{"line":1,"column":1008},"end":{"line":36,"column":1}},"loc":{"start":{"line":1,"column":1008},"end":{"line":36,"column":1}},"line":1}},"f":{"0":0}},"/home/hdyk/workspace/nico-ranking-new/app/api/debug-sensitive/route.ts":{"path":"/home/hdyk/workspace/nico-ranking-new/app/api/debug-sensitive/route.ts","all":true,"statementMap":{"0":{"start":{"line":1,"column":0},"end":{"line":1,"column":42}},"1":{"start":{"line":2,"column":0},"end":{"line":2,"column":49}},"2":{"start":{"line":3,"column":0},"end":{"line":3,"column":36}},"4":{"start":{"line":5,"column":0},"end":{"line":5,"column":31}},"6":{"start":{"line":7,"column":0},"end":{"line":7,"column":29}},"7":{"start":{"line":8,"column":0},"end":{"line":8,"column":7}},"9":{"start":{"line":10,"column":0},"end":{"line":10,"column":61}},"10":{"start":{"line":11,"column":0},"end":{"line":11,"column":69}},"11":{"start":{"line":12,"column":0},"end":{"line":12,"column":67}},"12":{"start":{"line":13,"column":0},"end":{"line":13,"column":5}},"15":{"start":{"line":16,"column":0},"end":{"line":16,"column":21}},"16":{"start":{"line":17,"column":0},"end":{"line":17,"column":24}},"17":{"start":{"line":18,"column":0},"end":{"line":18,"column":9}},"18":{"start":{"line":19,"column":0},"end":{"line":19,"column":48}},"19":{"start":{"line":20,"column":0},"end":{"line":20,"column":70}},"20":{"start":{"line":21,"column":0},"end":{"line":21,"column":30}},"21":{"start":{"line":22,"column":0},"end":{"line":22,"column":57}},"22":{"start":{"line":23,"column":0},"end":{"line":23,"column":71}},"23":{"start":{"line":24,"column":0},"end":{"line":24,"column":9}},"24":{"start":{"line":25,"column":0},"end":{"line":25,"column":7}},"25":{"start":{"line":26,"column":0},"end":{"line":26,"column":17}},"27":{"start":{"line":28,"column":0},"end":{"line":28,"column":5}},"30":{"start":{"line":31,"column":0},"end":{"line":31,"column":93}},"31":{"start":{"line":32,"column":0},"end":{"line":32,"column":16}},"32":{"start":{"line":33,"column":0},"end":{"line":33,"column":97}},"33":{"start":{"line":34,"column":0},"end":{"line":34,"column":52}},"34":{"start":{"line":35,"column":0},"end":{"line":35,"column":7}},"35":{"start":{"line":36,"column":0},"end":{"line":36,"column":6}},"36":{"start":{"line":37,"column":0},"end":{"line":37,"column":42}},"37":{"start":{"line":38,"column":0},"end":{"line":38,"column":54}},"38":{"start":{"line":39,"column":0},"end":{"line":39,"column":51}},"41":{"start":{"line":42,"column":0},"end":{"line":42,"column":82}},"42":{"start":{"line":43,"column":0},"end":{"line":43,"column":25}},"43":{"start":{"line":44,"column":0},"end":{"line":44,"column":20}},"44":{"start":{"line":45,"column":0},"end":{"line":45,"column":39}},"45":{"start":{"line":46,"column":0},"end":{"line":46,"column":84}},"46":{"start":{"line":47,"column":0},"end":{"line":47,"column":11}},"47":{"start":{"line":48,"column":0},"end":{"line":48,"column":48}},"48":{"start":{"line":49,"column":0},"end":{"line":49,"column":84}},"49":{"start":{"line":50,"column":0},"end":{"line":50,"column":52}},"50":{"start":{"line":51,"column":0},"end":{"line":51,"column":71}},"51":{"start":{"line":52,"column":0},"end":{"line":52,"column":16}},"52":{"start":{"line":53,"column":0},"end":{"line":53,"column":19}},"54":{"start":{"line":55,"column":0},"end":{"line":55,"column":7}},"55":{"start":{"line":56,"column":0},"end":{"line":56,"column":5}},"57":{"start":{"line":58,"column":0},"end":{"line":58,"column":30}},"58":{"start":{"line":59,"column":0},"end":{"line":59,"column":20}},"59":{"start":{"line":60,"column":0},"end":{"line":60,"column":45}},"60":{"start":{"line":61,"column":0},"end":{"line":61,"column":48}},"61":{"start":{"line":62,"column":0},"end":{"line":62,"column":62}},"62":{"start":{"line":63,"column":0},"end":{"line":63,"column":28}},"63":{"start":{"line":64,"column":0},"end":{"line":64,"column":22}},"64":{"start":{"line":65,"column":0},"end":{"line":65,"column":25}},"65":{"start":{"line":66,"column":0},"end":{"line":66,"column":11}},"66":{"start":{"line":67,"column":0},"end":{"line":67,"column":8}},"67":{"start":{"line":68,"column":0},"end":{"line":68,"column":16}},"68":{"start":{"line":69,"column":0},"end":{"line":69,"column":26}},"69":{"start":{"line":70,"column":0},"end":{"line":70,"column":47}},"70":{"start":{"line":71,"column":0},"end":{"line":71,"column":43}},"71":{"start":{"line":72,"column":0},"end":{"line":72,"column":57}},"72":{"start":{"line":73,"column":0},"end":{"line":73,"column":28}},"73":{"start":{"line":74,"column":0},"end":{"line":74,"column":22}},"74":{"start":{"line":75,"column":0},"end":{"line":75,"column":25}},"75":{"start":{"line":76,"column":0},"end":{"line":76,"column":11}},"76":{"start":{"line":77,"column":0},"end":{"line":77,"column":8}},"77":{"start":{"line":78,"column":0},"end":{"line":78,"column":18}},"78":{"start":{"line":79,"column":0},"end":{"line":79,"column":41}},"79":{"start":{"line":80,"column":0},"end":{"line":80,"column":33}},"80":{"start":{"line":81,"column":0},"end":{"line":81,"column":41}},"81":{"start":{"line":82,"column":0},"end":{"line":82,"column":7}},"82":{"start":{"line":83,"column":0},"end":{"line":83,"column":6}},"83":{"start":{"line":84,"column":0},"end":{"line":84,"column":24}},"84":{"start":{"line":85,"column":0},"end":{"line":85,"column":71}},"85":{"start":{"line":86,"column":0},"end":{"line":86,"column":3}},"86":{"start":{"line":87,"column":0},"end":{"line":87,"column":1}}},"s":{"0":0,"1":0,"2":0,"4":0,"6":0,"7":0,"9":0,"10":0,"11":0,"12":0,"15":0,"16":0,"17":0,"18":0,"19":0,"20":0,"21":0,"22":0,"23":0,"24":0,"25":0,"27":0,"30":0,"31":0,"32":0,"33":0,"34":0,"35":0,"36":0,"37":0,"38":0,"41":0,"42":0,"43":0,"44":0,"45":0,"46":0,"47":0,"48":0,"49":0,"50":0,"51":0,"52":0,"54":0,"55":0,"57":0,"58":0,"59":0,"60":0,"61":0,"62":0,"63":0,"64":0,"65":0,"66":0,"67":0,"68":0,"69":0,"70":0,"71":0,"72":0,"73":0,"74":0,"75":0,"76":0,"77":0,"78":0,"79":0,"80":0,"81":0,"82":0,"83":0,"84":0,"85":0,"86":0},"branchMap":{"0":{"type":"branch","line":1,"loc":{"start":{"line":1,"column":2828},"end":{"line":87,"column":1}},"locations":[{"start":{"line":1,"column":2828},"end":{"line":87,"column":1}}]}},"b":{"0":[0]},"fnMap":{"0":{"name":"(empty-report)","decl":{"start":{"line":1,"column":2828},"end":{"line":87,"column":1}},"loc":{"start":{"line":1,"column":2828},"end":{"line":87,"column":1}},"line":1}},"f":{"0":0}},"/home/hdyk/workspace/nico-ranking-new/app/api/env-check/route.ts":{"path":"/home/hdyk/workspace/nico-ranking-new/app/api/env-check/route.ts","all":true,"statementMap":{"0":{"start":{"line":1,"column":0},"end":{"line":1,"column":55}},"2":{"start":{"line":3,"column":0},"end":{"line":3,"column":29}},"4":{"start":{"line":5,"column":0},"end":{"line":5,"column":49}},"5":{"start":{"line":6,"column":0},"end":{"line":6,"column":28}},"6":{"start":{"line":7,"column":0},"end":{"line":7,"column":10}},"7":{"start":{"line":8,"column":0},"end":{"line":8,"column":37}},"8":{"start":{"line":9,"column":0},"end":{"line":9,"column":41}},"9":{"start":{"line":10,"column":0},"end":{"line":10,"column":71}},"10":{"start":{"line":11,"column":0},"end":{"line":11,"column":54}},"11":{"start":{"line":12,"column":0},"end":{"line":12,"column":68}},"12":{"start":{"line":13,"column":0},"end":{"line":13,"column":118}},"13":{"start":{"line":14,"column":0},"end":{"line":14,"column":6}},"14":{"start":{"line":15,"column":0},"end":{"line":15,"column":14}},"15":{"start":{"line":16,"column":0},"end":{"line":16,"column":60}},"16":{"start":{"line":17,"column":0},"end":{"line":17,"column":42}},"17":{"start":{"line":18,"column":0},"end":{"line":18,"column":54}},"18":{"start":{"line":19,"column":0},"end":{"line":19,"column":64}},"19":{"start":{"line":20,"column":0},"end":{"line":20,"column":55}},"20":{"start":{"line":21,"column":0},"end":{"line":21,"column":6}},"21":{"start":{"line":22,"column":0},"end":{"line":22,"column":17}},"22":{"start":{"line":23,"column":0},"end":{"line":23,"column":105}},"23":{"start":{"line":24,"column":0},"end":{"line":24,"column":17}},"24":{"start":{"line":25,"column":0},"end":{"line":25,"column":62}},"25":{"start":{"line":26,"column":0},"end":{"line":26,"column":56}},"26":{"start":{"line":27,"column":0},"end":{"line":27,"column":63}},"27":{"start":{"line":28,"column":0},"end":{"line":28,"column":7}},"28":{"start":{"line":29,"column":0},"end":{"line":29,"column":6}},"29":{"start":{"line":30,"column":0},"end":{"line":30,"column":39}},"30":{"start":{"line":31,"column":0},"end":{"line":31,"column":4}},"31":{"start":{"line":32,"column":0},"end":{"line":32,"column":1}}},"s":{"0":0,"2":0,"4":0,"5":0,"6":0,"7":0,"8":0,"9":0,"10":0,"11":0,"12":0,"13":0,"14":0,"15":0,"16":0,"17":0,"18":0,"19":0,"20":0,"21":0,"22":0,"23":0,"24":0,"25":0,"26":0,"27":0,"28":0,"29":0,"30":0,"31":0},"branchMap":{"0":{"type":"branch","line":1,"loc":{"start":{"line":1,"column":1269},"end":{"line":32,"column":1}},"locations":[{"start":{"line":1,"column":1269},"end":{"line":32,"column":1}}]}},"b":{"0":[0]},"fnMap":{"0":{"name":"(empty-report)","decl":{"start":{"line":1,"column":1269},"end":{"line":32,"column":1}},"loc":{"start":{"line":1,"column":1269},"end":{"line":32,"column":1}},"line":1}},"f":{"0":0}},"/home/hdyk/workspace/nico-ranking-new/app/api/debug-env/route.ts":{"path":"/home/hdyk/workspace/nico-ranking-new/app/api/debug-env/route.ts","all":true,"statementMap":{"0":{"start":{"line":1,"column":0},"end":{"line":1,"column":55}},"2":{"start":{"line":3,"column":0},"end":{"line":3,"column":49}},"3":{"start":{"line":4,"column":0},"end":{"line":4,"column":28}},"4":{"start":{"line":5,"column":0},"end":{"line":5,"column":10}},"5":{"start":{"line":6,"column":0},"end":{"line":6,"column":37}},"6":{"start":{"line":7,"column":0},"end":{"line":7,"column":41}},"7":{"start":{"line":8,"column":0},"end":{"line":8,"column":71}},"8":{"start":{"line":9,"column":0},"end":{"line":9,"column":54}},"9":{"start":{"line":10,"column":0},"end":{"line":10,"column":67}},"10":{"start":{"line":11,"column":0},"end":{"line":11,"column":6}},"11":{"start":{"line":12,"column":0},"end":{"line":12,"column":14}},"12":{"start":{"line":13,"column":0},"end":{"line":13,"column":60}},"13":{"start":{"line":14,"column":0},"end":{"line":14,"column":42}},"14":{"start":{"line":15,"column":0},"end":{"line":15,"column":54}},"15":{"start":{"line":16,"column":0},"end":{"line":16,"column":64}},"16":{"start":{"line":17,"column":0},"end":{"line":17,"column":55}},"17":{"start":{"line":18,"column":0},"end":{"line":18,"column":6}},"18":{"start":{"line":19,"column":0},"end":{"line":19,"column":39}},"19":{"start":{"line":20,"column":0},"end":{"line":20,"column":4}},"20":{"start":{"line":21,"column":0},"end":{"line":21,"column":1}}},"s":{"0":0,"2":0,"3":0,"4":0,"5":0,"6":0,"7":0,"8":0,"9":0,"10":0,"11":0,"12":0,"13":0,"14":0,"15":0,"16":0,"17":0,"18":0,"19":0,"20":0},"branchMap":{"0":{"type":"branch","line":1,"loc":{"start":{"line":1,"column":777},"end":{"line":21,"column":1}},"locations":[{"start":{"line":1,"column":777},"end":{"line":21,"column":1}}]}},"b":{"0":[0]},"fnMap":{"0":{"name":"(empty-report)","decl":{"start":{"line":1,"column":777},"end":{"line":21,"column":1}},"loc":{"start":{"line":1,"column":777},"end":{"line":21,"column":1}},"line":1}},"f":{"0":0}},"/home/hdyk/workspace/nico-ranking-new/app/api/cron/proxy-update/route.ts":{"path":"/home/hdyk/workspace/nico-ranking-new/app/api/cron/proxy-update/route.ts","all":true,"statementMap":{"0":{"start":{"line":1,"column":0},"end":{"line":1,"column":42}},"1":{"start":{"line":2,"column":0},"end":{"line":2,"column":36}},"2":{"start":{"line":3,"column":0},"end":{"line":3,"column":59}},"6":{"start":{"line":7,"column":0},"end":{"line":7,"column":31}},"9":{"start":{"line":10,"column":0},"end":{"line":10,"column":82}},"11":{"start":{"line":12,"column":0},"end":{"line":12,"column":32}},"12":{"start":{"line":13,"column":0},"end":{"line":13,"column":33}},"14":{"start":{"line":15,"column":0},"end":{"line":15,"column":33}},"15":{"start":{"line":16,"column":0},"end":{"line":16,"column":34}},"16":{"start":{"line":17,"column":0},"end":{"line":17,"column":37}},"17":{"start":{"line":18,"column":0},"end":{"line":18,"column":43}},"18":{"start":{"line":19,"column":0},"end":{"line":19,"column":42}},"19":{"start":{"line":20,"column":0},"end":{"line":20,"column":34}},"20":{"start":{"line":21,"column":0},"end":{"line":21,"column":33}},"21":{"start":{"line":22,"column":0},"end":{"line":22,"column":34}},"22":{"start":{"line":23,"column":0},"end":{"line":23,"column":33}},"23":{"start":{"line":24,"column":0},"end":{"line":24,"column":39}},"24":{"start":{"line":25,"column":0},"end":{"line":25,"column":36}},"25":{"start":{"line":26,"column":0},"end":{"line":26,"column":35}},"26":{"start":{"line":27,"column":0},"end":{"line":27,"column":35}},"27":{"start":{"line":28,"column":0},"end":{"line":28,"column":36}},"28":{"start":{"line":29,"column":0},"end":{"line":29,"column":39}},"29":{"start":{"line":30,"column":0},"end":{"line":30,"column":36}},"30":{"start":{"line":31,"column":0},"end":{"line":31,"column":32}},"31":{"start":{"line":32,"column":0},"end":{"line":32,"column":35}},"32":{"start":{"line":33,"column":0},"end":{"line":33,"column":34}},"33":{"start":{"line":34,"column":0},"end":{"line":34,"column":35}},"34":{"start":{"line":35,"column":0},"end":{"line":35,"column":35}},"35":{"start":{"line":36,"column":0},"end":{"line":36,"column":34}},"37":{"start":{"line":38,"column":0},"end":{"line":38,"column":34}},"38":{"start":{"line":39,"column":0},"end":{"line":39,"column":35}},"39":{"start":{"line":40,"column":0},"end":{"line":40,"column":38}},"40":{"start":{"line":41,"column":0},"end":{"line":41,"column":34}},"41":{"start":{"line":42,"column":0},"end":{"line":42,"column":1}},"43":{"start":{"line":44,"column":0},"end":{"line":44,"column":46}},"45":{"start":{"line":46,"column":0},"end":{"line":46,"column":57}},"46":{"start":{"line":47,"column":0},"end":{"line":47,"column":44}},"48":{"start":{"line":49,"column":0},"end":{"line":49,"column":61}},"49":{"start":{"line":50,"column":0},"end":{"line":50,"column":72}},"50":{"start":{"line":51,"column":0},"end":{"line":51,"column":3}},"53":{"start":{"line":54,"column":0},"end":{"line":54,"column":31}},"54":{"start":{"line":55,"column":0},"end":{"line":55,"column":29}},"55":{"start":{"line":56,"column":0},"end":{"line":56,"column":47}},"56":{"start":{"line":57,"column":0},"end":{"line":57,"column":21}},"57":{"start":{"line":58,"column":0},"end":{"line":58,"column":5}},"58":{"start":{"line":59,"column":0},"end":{"line":59,"column":3}},"60":{"start":{"line":61,"column":0},"end":{"line":61,"column":19}},"61":{"start":{"line":62,"column":0},"end":{"line":62,"column":15}},"62":{"start":{"line":63,"column":0},"end":{"line":63,"column":14}},"63":{"start":{"line":64,"column":0},"end":{"line":64,"column":27}},"64":{"start":{"line":65,"column":0},"end":{"line":65,"column":27}},"65":{"start":{"line":66,"column":0},"end":{"line":66,"column":3}},"68":{"start":{"line":69,"column":0},"end":{"line":69,"column":44}},"69":{"start":{"line":70,"column":0},"end":{"line":70,"column":9}},"71":{"start":{"line":72,"column":0},"end":{"line":72,"column":47}},"72":{"start":{"line":73,"column":0},"end":{"line":73,"column":21}},"73":{"start":{"line":74,"column":0},"end":{"line":74,"column":19}},"74":{"start":{"line":75,"column":0},"end":{"line":75,"column":7}},"76":{"start":{"line":77,"column":0},"end":{"line":77,"column":42}},"78":{"start":{"line":79,"column":0},"end":{"line":79,"column":60}},"79":{"start":{"line":80,"column":0},"end":{"line":80,"column":33}},"80":{"start":{"line":81,"column":0},"end":{"line":81,"column":29}},"81":{"start":{"line":82,"column":0},"end":{"line":82,"column":10}},"83":{"start":{"line":84,"column":0},"end":{"line":84,"column":25}},"84":{"start":{"line":85,"column":0},"end":{"line":85,"column":62}},"85":{"start":{"line":86,"column":0},"end":{"line":86,"column":14}},"86":{"start":{"line":87,"column":0},"end":{"line":87,"column":24}},"87":{"start":{"line":88,"column":0},"end":{"line":88,"column":71}},"88":{"start":{"line":89,"column":0},"end":{"line":89,"column":7}},"89":{"start":{"line":90,"column":0},"end":{"line":90,"column":21}},"90":{"start":{"line":91,"column":0},"end":{"line":91,"column":22}},"91":{"start":{"line":92,"column":0},"end":{"line":92,"column":26}},"92":{"start":{"line":93,"column":0},"end":{"line":93,"column":102}},"93":{"start":{"line":94,"column":0},"end":{"line":94,"column":7}},"94":{"start":{"line":95,"column":0},"end":{"line":95,"column":5}},"97":{"start":{"line":98,"column":0},"end":{"line":98,"column":59}},"98":{"start":{"line":99,"column":0},"end":{"line":99,"column":3}},"100":{"start":{"line":101,"column":0},"end":{"line":101,"column":28}},"101":{"start":{"line":102,"column":0},"end":{"line":102,"column":38}},"102":{"start":{"line":103,"column":0},"end":{"line":103,"column":12}},"103":{"start":{"line":104,"column":0},"end":{"line":104,"column":39}},"104":{"start":{"line":105,"column":0},"end":{"line":105,"column":4}},"105":{"start":{"line":106,"column":0},"end":{"line":106,"column":1}},"108":{"start":{"line":109,"column":0},"end":{"line":109,"column":29}},"109":{"start":{"line":110,"column":0},"end":{"line":110,"column":28}},"110":{"start":{"line":111,"column":0},"end":{"line":111,"column":17}},"111":{"start":{"line":112,"column":0},"end":{"line":112,"column":45}},"112":{"start":{"line":113,"column":0},"end":{"line":113,"column":48}},"113":{"start":{"line":114,"column":0},"end":{"line":114,"column":39}},"114":{"start":{"line":115,"column":0},"end":{"line":115,"column":4}},"115":{"start":{"line":116,"column":0},"end":{"line":116,"column":1}}},"s":{"0":0,"1":0,"2":0,"6":0,"9":0,"11":0,"12":0,"14":0,"15":0,"16":0,"17":0,"18":0,"19":0,"20":0,"21":0,"22":0,"23":0,"24":0,"25":0,"26":0,"27":0,"28":0,"29":0,"30":0,"31":0,"32":0,"33":0,"34":0,"35":0,"37":0,"38":0,"39":0,"40":0,"41":0,"43":0,"45":0,"46":0,"48":0,"49":0,"50":0,"53":0,"54":0,"55":0,"56":0,"57":0,"58":0,"60":0,"61":0,"62":0,"63":0,"64":0,"65":0,"68":0,"69":0,"71":0,"72":0,"73":0,"74":0,"76":0,"78":0,"79":0,"80":0,"81":0,"83":0,"84":0,"85":0,"86":0,"87":0,"88":0,"89":0,"90":0,"91":0,"92":0,"93":0,"94":0,"97":0,"98":0,"100":0,"101":0,"102":0,"103":0,"104":0,"105":0,"108":0,"109":0,"110":0,"111":0,"112":0,"113":0,"114":0,"115":0},"branchMap":{"0":{"type":"branch","line":1,"loc":{"start":{"line":1,"column":3284},"end":{"line":116,"column":1}},"locations":[{"start":{"line":1,"column":3284},"end":{"line":116,"column":1}}]}},"b":{"0":[0]},"fnMap":{"0":{"name":"(empty-report)","decl":{"start":{"line":1,"column":3284},"end":{"line":116,"column":1}},"loc":{"start":{"line":1,"column":3284},"end":{"line":116,"column":1}},"line":1}},"f":{"0":0}}}}
